\BOOKMARK [0][-]{chapter.1}{ Introduction}{}% 1
\BOOKMARK [1][-]{section.1.1}{Motivation}{chapter.1}% 2
\BOOKMARK [1][-]{section.1.2}{Research Goals}{chapter.1}% 3
\BOOKMARK [1][-]{section.1.3}{Outline of Thesis}{chapter.1}% 4
\BOOKMARK [0][-]{chapter.2}{ Related Work}{}% 5
\BOOKMARK [1][-]{section.2.1}{Ubiquitous Computing}{chapter.2}% 6
\BOOKMARK [1][-]{section.2.2}{Internet of Things}{chapter.2}% 7
\BOOKMARK [1][-]{section.2.3}{Social Internet of Things}{chapter.2}% 8
\BOOKMARK [1][-]{section.2.4}{Autonomous interaction of things}{chapter.2}% 9
\BOOKMARK [1][-]{section.2.5}{The Theory of Proxemics}{chapter.2}% 10
\BOOKMARK [1][-]{section.2.6}{Interaction design for SIoT}{chapter.2}% 11
\BOOKMARK [1][-]{section.2.7}{Definition of personality traits}{chapter.2}% 12
\BOOKMARK [0][-]{chapter.3}{ Concept}{}% 13
\BOOKMARK [1][-]{section.3.1}{Identifying case studies and actions}{chapter.3}% 14
\BOOKMARK [1][-]{section.3.2}{Identifying personality traits}{chapter.3}% 15
\BOOKMARK [1][-]{section.3.3}{Identifying the vibration level based on the personality traits}{chapter.3}% 16
\BOOKMARK [1][-]{section.3.4}{Identifying the music preferences based on the personality traits}{chapter.3}% 17
\BOOKMARK [1][-]{section.3.5}{Identifying the color based on personality traits}{chapter.3}% 18
\BOOKMARK [1][-]{section.3.6}{Overview of the system based on the applied concepts}{chapter.3}% 19
\BOOKMARK [0][-]{chapter.4}{ Implementation}{}% 20
\BOOKMARK [1][-]{section.4.1}{User Documentation}{chapter.4}% 21
\BOOKMARK [1][-]{section.4.2}{Project Presentation}{chapter.4}% 22
\BOOKMARK [1][-]{section.4.3}{System Architecture}{chapter.4}% 23
\BOOKMARK [2][-]{subsection.4.3.1}{Module descriptions}{section.4.3}% 24
\BOOKMARK [2][-]{subsection.4.3.2}{Software stack and protocols}{section.4.3}% 25
\BOOKMARK [2][-]{subsection.4.3.3}{Database and server}{section.4.3}% 26
\BOOKMARK [2][-]{subsection.4.3.4}{Service discovery}{section.4.3}% 27
\BOOKMARK [2][-]{subsection.4.3.5}{Registering devices in the system}{section.4.3}% 28
\BOOKMARK [2][-]{subsection.4.3.6}{Measuring distance between devices}{section.4.3}% 29
\BOOKMARK [2][-]{subsection.4.3.7}{The communication between two mascots}{section.4.3}% 30
\BOOKMARK [2][-]{subsection.4.3.8}{Working with lights}{section.4.3}% 31
\BOOKMARK [1][-]{section.4.4}{Technical Requirements and Hardware}{chapter.4}% 32
\BOOKMARK [1][-]{section.4.5}{Configuration}{chapter.4}% 33
\BOOKMARK [0][-]{chapter.5}{ User Study}{}% 34
\BOOKMARK [1][-]{section.5.1}{Participants}{chapter.5}% 35
\BOOKMARK [1][-]{section.5.2}{Procedure and Tasks}{chapter.5}% 36
\BOOKMARK [1][-]{section.5.3}{Design of experiments}{chapter.5}% 37
\BOOKMARK [1][-]{section.5.4}{Apparatus and Materials}{chapter.5}% 38
\BOOKMARK [1][-]{section.5.5}{Design of a study}{chapter.5}% 39
\BOOKMARK [1][-]{section.5.6}{Measures}{chapter.5}% 40
\BOOKMARK [0][-]{chapter.6}{ Results}{}% 41
\BOOKMARK [1][-]{section.6.1}{The analysis of the mascot-speakers interaction}{chapter.6}% 42
\BOOKMARK [2][-]{subsection.6.1.1}{The analysis of the within personality trait study}{section.6.1}% 43
\BOOKMARK [2][-]{subsection.6.1.2}{The analysis of the within music category study}{section.6.1}% 44
\BOOKMARK [1][-]{section.6.2}{The analysis of the mascot-lamp interaction}{chapter.6}% 45
\BOOKMARK [2][-]{subsection.6.2.1}{The analysis of the within personality trait study}{section.6.2}% 46
\BOOKMARK [2][-]{subsection.6.2.2}{The analysis of the within lighting color study}{section.6.2}% 47
\BOOKMARK [1][-]{section.6.3}{The analysis of the mascot-mascot interaction}{chapter.6}% 48
\BOOKMARK [2][-]{subsection.6.3.1}{The analysis of the within personality trait study}{section.6.3}% 49
\BOOKMARK [2][-]{subsection.6.3.2}{The analysis of the within vibration level study}{section.6.3}% 50
\BOOKMARK [1][-]{section.6.4}{The analysis of the mascot-tablet interaction}{chapter.6}% 51
\BOOKMARK [2][-]{subsection.6.4.1}{The analysis of the within personality trait study}{section.6.4}% 52
\BOOKMARK [2][-]{subsection.6.4.2}{The analysis of the within screen color study}{section.6.4}% 53
\BOOKMARK [0][-]{chapter.7}{ Discussions}{}% 54
\BOOKMARK [1][-]{section.7.1}{Mascot-speakers interaction}{chapter.7}% 55
\BOOKMARK [1][-]{section.7.2}{Mascot-lamp interaction}{chapter.7}% 56
\BOOKMARK [1][-]{section.7.3}{Mascot-mascot interaction}{chapter.7}% 57
\BOOKMARK [1][-]{section.7.4}{Mascot-tablet interaction}{chapter.7}% 58
\BOOKMARK [1][-]{section.7.5}{Overview of the discussion}{chapter.7}% 59
\BOOKMARK [0][-]{chapter.8}{ Conclusion}{}% 60
\BOOKMARK [1][-]{section.8.1}{Overview}{chapter.8}% 61
\BOOKMARK [2][-]{subsection.8.1.1}{Overview of the results}{section.8.1}% 62
\BOOKMARK [1][-]{section.8.2}{Contributions and findings}{chapter.8}% 63
\BOOKMARK [1][-]{section.8.3}{Limitations}{chapter.8}% 64
\BOOKMARK [1][-]{section.8.4}{Future work}{chapter.8}% 65
\BOOKMARK [0][-]{appendix.A}{ System setup}{}% 66
\BOOKMARK [1][-]{section.A.1}{Setting up the server.}{appendix.A}% 67
\BOOKMARK [1][-]{section.A.2}{Setting up the database}{appendix.A}% 68
\BOOKMARK [1][-]{section.A.3}{Setting up the Philips Hue bridge}{appendix.A}% 69
\BOOKMARK [1][-]{section.A.4}{Starting the server}{appendix.A}% 70
\BOOKMARK [1][-]{section.A.5}{Setting up the client applications}{appendix.A}% 71
\BOOKMARK [0][-]{appendix.B}{ Questionnaires for the user study}{}% 72
\BOOKMARK [0][-]{appendix.C}{ Tables and Figures}{}% 73
\BOOKMARK [0][-]{section*.64}{Bibliography}{}% 74
