\BOOKMARK [0][-]{chapter.1}{ Introduction}{}% 1
\BOOKMARK [1][-]{section.1.1}{Motivation}{chapter.1}% 2
\BOOKMARK [1][-]{section.1.2}{Research Goals}{chapter.1}% 3
\BOOKMARK [1][-]{section.1.3}{Outline of Thesis}{chapter.1}% 4
\BOOKMARK [0][-]{chapter.2}{ Related Work}{}% 5
\BOOKMARK [1][-]{section.2.1}{Ubiquitous Computing}{chapter.2}% 6
\BOOKMARK [1][-]{section.2.2}{Internet of Things}{chapter.2}% 7
\BOOKMARK [1][-]{section.2.3}{Social Internet of Things}{chapter.2}% 8
\BOOKMARK [1][-]{section.2.4}{Autonomous interaction of things}{chapter.2}% 9
\BOOKMARK [1][-]{section.2.5}{The Theory of Proxemics}{chapter.2}% 10
\BOOKMARK [1][-]{section.2.6}{Interaction design for SIoT}{chapter.2}% 11
\BOOKMARK [1][-]{section.2.7}{Definition of Personality Traits}{chapter.2}% 12
\BOOKMARK [0][-]{chapter.3}{ Concept}{}% 13
\BOOKMARK [1][-]{section.3.1}{Identifying case studies and actions}{chapter.3}% 14
\BOOKMARK [1][-]{section.3.2}{Identifying personality traits}{chapter.3}% 15
\BOOKMARK [1][-]{section.3.3}{Identifying the vibration level based on the personality traits}{chapter.3}% 16
\BOOKMARK [1][-]{section.3.4}{Identifying the music preferences based on the personality traits}{chapter.3}% 17
\BOOKMARK [1][-]{section.3.5}{Identifying the color based on personality traits}{chapter.3}% 18
\BOOKMARK [0][-]{chapter.4}{ Implementation}{}% 19
\BOOKMARK [1][-]{section.4.1}{Overview of the prototype}{chapter.4}% 20
\BOOKMARK [2][-]{subsection.4.1.1}{User-side description of a system}{section.4.1}% 21
\BOOKMARK [2][-]{subsection.4.1.2}{User restrictions}{section.4.1}% 22
\BOOKMARK [0][-]{chapter.5}{ User Study}{}% 23
\BOOKMARK [1][-]{section.5.1}{Participants}{chapter.5}% 24
\BOOKMARK [1][-]{section.5.2}{Procedure and Tasks}{chapter.5}% 25
\BOOKMARK [1][-]{section.5.3}{Design of experiments}{chapter.5}% 26
\BOOKMARK [1][-]{section.5.4}{Apparatus and Materials}{chapter.5}% 27
\BOOKMARK [1][-]{section.5.5}{Design of a study}{chapter.5}% 28
\BOOKMARK [1][-]{section.5.6}{Measures}{chapter.5}% 29
\BOOKMARK [0][-]{chapter.6}{ Results}{}% 30
\BOOKMARK [1][-]{section.6.1}{Analysis of Mascot-Lamp interaction}{chapter.6}% 31
\BOOKMARK [2][-]{subsection.6.1.1}{Analysis of within personality trait study}{section.6.1}% 32
\BOOKMARK [2][-]{subsection.6.1.2}{Analysis of within lighting color study}{section.6.1}% 33
\BOOKMARK [1][-]{section.6.2}{Analysis of Mascot-Speakers interaction}{chapter.6}% 34
\BOOKMARK [2][-]{subsection.6.2.1}{Analysis of within personality trait study}{section.6.2}% 35
\BOOKMARK [2][-]{subsection.6.2.2}{Analysis of within music category study}{section.6.2}% 36
\BOOKMARK [1][-]{section.6.3}{Analysis of Mascot-Mascot interaction}{chapter.6}% 37
\BOOKMARK [2][-]{subsection.6.3.1}{Analysis of within personality trait study}{section.6.3}% 38
\BOOKMARK [2][-]{subsection.6.3.2}{Analysis of within vibration level study}{section.6.3}% 39
\BOOKMARK [1][-]{section.6.4}{Analysis of Mascot-Tablet interaction}{chapter.6}% 40
\BOOKMARK [2][-]{subsection.6.4.1}{Analysis of within personality trait study}{section.6.4}% 41
\BOOKMARK [2][-]{subsection.6.4.2}{Analysis of within screen color study}{section.6.4}% 42
\BOOKMARK [0][-]{chapter.7}{ Discussions}{}% 43
\BOOKMARK [1][-]{section.7.1}{Mascot-Lamp interaction}{chapter.7}% 44
\BOOKMARK [2][-]{subsection.7.1.1}{Discussion for the first study}{section.7.1}% 45
\BOOKMARK [2][-]{subsection.7.1.2}{Discussion for the second study}{section.7.1}% 46
\BOOKMARK [1][-]{section.7.2}{Mascot-Speakers interaction}{chapter.7}% 47
\BOOKMARK [2][-]{subsection.7.2.1}{Discussion for the first study}{section.7.2}% 48
\BOOKMARK [2][-]{subsection.7.2.2}{Discussion for the second study}{section.7.2}% 49
\BOOKMARK [1][-]{section.7.3}{Mascot-Mascot interaction}{chapter.7}% 50
\BOOKMARK [2][-]{subsection.7.3.1}{Discussion for the first study}{section.7.3}% 51
\BOOKMARK [2][-]{subsection.7.3.2}{Discussion for the second study}{section.7.3}% 52
\BOOKMARK [1][-]{section.7.4}{Mascot-Tablet interaction}{chapter.7}% 53
\BOOKMARK [2][-]{subsection.7.4.1}{Discussion for the first study}{section.7.4}% 54
\BOOKMARK [2][-]{subsection.7.4.2}{Discussion for the second study}{section.7.4}% 55
\BOOKMARK [0][-]{chapter.8}{ Conclusion}{}% 56
\BOOKMARK [1][-]{section.8.1}{Overview}{chapter.8}% 57
\BOOKMARK [2][-]{subsection.8.1.1}{The birth of the idea}{section.8.1}% 58
\BOOKMARK [2][-]{subsection.8.1.2}{Overview of the results}{section.8.1}% 59
\BOOKMARK [1][-]{section.8.2}{Contributions and findings}{chapter.8}% 60
\BOOKMARK [1][-]{section.8.3}{Limitations}{chapter.8}% 61
\BOOKMARK [1][-]{section.8.4}{Future work}{chapter.8}% 62
\BOOKMARK [0][-]{appendix.A}{ Tables and Figures}{}% 63
\BOOKMARK [0][-]{appendix.B}{ Questionnaires of the User Study}{}% 64
\BOOKMARK [0][-]{section*.41}{Literaturverzeichnis}{}% 65
