This is pdfTeX, Version 3.14159265-2.6-1.40.19 (TeX Live 2018) (preloaded format=pdflatex 2018.4.16)  28 MAY 2020 19:54
entering extended mode
 restricted \write18 enabled.
 file:line:error style messages enabled.
 %&-line parsing enabled.
**thesis.tex
(./thesis.tex
LaTeX2e <2018-04-01> patch level 2
Babel <3.18> and hyphenation patterns for 84 language(s) loaded.
(./sections/c0/header.tex (./mpreport.cls
Document Class: mpreport 1999/06/04 A variant report class
(/usr/local/texlive/2018/texmf-dist/tex/latex/base/report.cls
Document Class: report 2014/09/29 v1.4h Standard LaTeX document class
(/usr/local/texlive/2018/texmf-dist/tex/latex/base/size11.clo
File: size11.clo 2014/09/29 v1.4h Standard LaTeX file (size option)
)
\c@part=\count80
\c@chapter=\count81
\c@section=\count82
\c@subsection=\count83
\c@subsubsection=\count84
\c@paragraph=\count85
\c@subparagraph=\count86
\c@figure=\count87
\c@table=\count88
\abovecaptionskip=\skip41
\belowcaptionskip=\skip42
\bibindent=\dimen102
)
(/usr/local/texlive/2018/texmf-dist/tex/latex/base/ifthen.sty
Package: ifthen 2014/09/29 v1.1c Standard LaTeX ifthen package (DPC)
)
(/usr/local/texlive/2018/texmf-dist/tex/latex/titlesec/titlesec.sty
Package: titlesec 2016/03/21 v2.10.2 Sectioning titles
\ttl@box=\box26
\beforetitleunit=\skip43
\aftertitleunit=\skip44
\ttl@plus=\dimen103
\ttl@minus=\dimen104
\ttl@toksa=\toks14
\titlewidth=\dimen105
\titlewidthlast=\dimen106
\titlewidthfirst=\dimen107
)
\marginWidth=\skip45
\fullWidth=\skip46
\mp@chapnoht=\skip47
\mp@chaptlht=\skip48
\EX=\skip49
)
(/usr/local/texlive/2018/texmf-dist/tex/latex/base/inputenc.sty
Package: inputenc 2018/04/06 v1.3b Input encoding file
\inpenc@prehook=\toks15
\inpenc@posthook=\toks16
)
(/usr/local/texlive/2018/texmf-dist/tex/latex/base/fontenc.sty
Package: fontenc 2017/04/05 v2.0i Standard LaTeX package

(/usr/local/texlive/2018/texmf-dist/tex/latex/base/t1enc.def
File: t1enc.def 2017/04/05 v2.0i Standard LaTeX file
LaTeX Font Info:    Redeclaring font encoding T1 on input line 48.
))
(/usr/local/texlive/2018/texmf-dist/tex/latex/psnfss/helvet.sty
Package: helvet 2005/04/12 PSNFSS-v9.2a (WaS) 

(/usr/local/texlive/2018/texmf-dist/tex/latex/graphics/keyval.sty
Package: keyval 2014/10/28 v1.15 key=value parser (DPC)
\KV@toks@=\toks17
))
(/usr/local/texlive/2018/texmf-dist/tex/latex/hyperref/hyperref.sty
Package: hyperref 2018/02/06 v6.86b Hypertext links for LaTeX

(/usr/local/texlive/2018/texmf-dist/tex/generic/oberdiek/hobsub-hyperref.sty
Package: hobsub-hyperref 2016/05/16 v1.14 Bundle oberdiek, subset hyperref (HO)


(/usr/local/texlive/2018/texmf-dist/tex/generic/oberdiek/hobsub-generic.sty
Package: hobsub-generic 2016/05/16 v1.14 Bundle oberdiek, subset generic (HO)
Package: hobsub 2016/05/16 v1.14 Construct package bundles (HO)
Package: infwarerr 2016/05/16 v1.4 Providing info/warning/error messages (HO)
Package: ltxcmds 2016/05/16 v1.23 LaTeX kernel commands for general use (HO)
Package: ifluatex 2016/05/16 v1.4 Provides the ifluatex switch (HO)
Package ifluatex Info: LuaTeX not detected.
Package: ifvtex 2016/05/16 v1.6 Detect VTeX and its facilities (HO)
Package ifvtex Info: VTeX not detected.
Package: intcalc 2016/05/16 v1.2 Expandable calculations with integers (HO)
Package: ifpdf 2017/03/15 v3.2 Provides the ifpdf switch
Package: etexcmds 2016/05/16 v1.6 Avoid name clashes with e-TeX commands (HO)
Package etexcmds Info: Could not find \expanded.
(etexcmds)             That can mean that you are not using pdfTeX 1.50 or
(etexcmds)             that some package has redefined \expanded.
(etexcmds)             In the latter case, load this package earlier.
Package: kvsetkeys 2016/05/16 v1.17 Key value parser (HO)
Package: kvdefinekeys 2016/05/16 v1.4 Define keys (HO)
Package: pdftexcmds 2018/01/30 v0.27 Utility functions of pdfTeX for LuaTeX (HO
)
Package pdftexcmds Info: LuaTeX not detected.
Package pdftexcmds Info: \pdf@primitive is available.
Package pdftexcmds Info: \pdf@ifprimitive is available.
Package pdftexcmds Info: \pdfdraftmode found.
Package: pdfescape 2016/05/16 v1.14 Implements pdfTeX's escape features (HO)
Package: bigintcalc 2016/05/16 v1.4 Expandable calculations on big integers (HO
)
Package: bitset 2016/05/16 v1.2 Handle bit-vector datatype (HO)
Package: uniquecounter 2016/05/16 v1.3 Provide unlimited unique counter (HO)
)
Package hobsub Info: Skipping package `hobsub' (already loaded).
Package: letltxmacro 2016/05/16 v1.5 Let assignment for LaTeX macros (HO)
Package: hopatch 2016/05/16 v1.3 Wrapper for package hooks (HO)
Package: xcolor-patch 2016/05/16 xcolor patch
Package: atveryend 2016/05/16 v1.9 Hooks at the very end of document (HO)
Package atveryend Info: \enddocument detected (standard20110627).
Package: atbegshi 2016/06/09 v1.18 At begin shipout hook (HO)
Package: refcount 2016/05/16 v3.5 Data extraction from label references (HO)
Package: hycolor 2016/05/16 v1.8 Color options for hyperref/bookmark (HO)
)
(/usr/local/texlive/2018/texmf-dist/tex/generic/ifxetex/ifxetex.sty
Package: ifxetex 2010/09/12 v0.6 Provides ifxetex conditional
)
(/usr/local/texlive/2018/texmf-dist/tex/latex/oberdiek/auxhook.sty
Package: auxhook 2016/05/16 v1.4 Hooks for auxiliary files (HO)
)
(/usr/local/texlive/2018/texmf-dist/tex/latex/oberdiek/kvoptions.sty
Package: kvoptions 2016/05/16 v3.12 Key value format for package options (HO)
)
\@linkdim=\dimen108
\Hy@linkcounter=\count89
\Hy@pagecounter=\count90

(/usr/local/texlive/2018/texmf-dist/tex/latex/hyperref/pd1enc.def
File: pd1enc.def 2018/02/06 v6.86b Hyperref: PDFDocEncoding definition (HO)
Now handling font encoding PD1 ...
... no UTF-8 mapping file for font encoding PD1
)
\Hy@SavedSpaceFactor=\count91

(/usr/local/texlive/2018/texmf-dist/tex/latex/latexconfig/hyperref.cfg
File: hyperref.cfg 2002/06/06 v1.2 hyperref configuration of TeXLive
)
Package hyperref Info: Option `colorlinks' set `true' on input line 4383.
Package hyperref Info: Hyper figures OFF on input line 4509.
Package hyperref Info: Link nesting OFF on input line 4514.
Package hyperref Info: Hyper index ON on input line 4517.
Package hyperref Info: Plain pages OFF on input line 4524.
Package hyperref Info: Backreferencing OFF on input line 4529.
Package hyperref Info: Implicit mode ON; LaTeX internals redefined.
Package hyperref Info: Bookmarks ON on input line 4762.
\c@Hy@tempcnt=\count92

(/usr/local/texlive/2018/texmf-dist/tex/latex/url/url.sty
\Urlmuskip=\muskip10
Package: url 2013/09/16  ver 3.4  Verb mode for urls, etc.
)
LaTeX Info: Redefining \url on input line 5115.
\XeTeXLinkMargin=\dimen109
\Fld@menulength=\count93
\Field@Width=\dimen110
\Fld@charsize=\dimen111
Package hyperref Info: Hyper figures OFF on input line 6369.
Package hyperref Info: Link nesting OFF on input line 6374.
Package hyperref Info: Hyper index ON on input line 6377.
Package hyperref Info: backreferencing OFF on input line 6384.
Package hyperref Info: Link coloring ON on input line 6387.
Package hyperref Info: Link coloring with OCG OFF on input line 6394.
Package hyperref Info: PDF/A mode OFF on input line 6399.
LaTeX Info: Redefining \ref on input line 6439.
LaTeX Info: Redefining \pageref on input line 6443.
\Hy@abspage=\count94
\c@Item=\count95
\c@Hfootnote=\count96
)
Package hyperref Info: Driver (autodetected): hpdftex.

(/usr/local/texlive/2018/texmf-dist/tex/latex/hyperref/hpdftex.def
File: hpdftex.def 2018/02/06 v6.86b Hyperref driver for pdfTeX
\Fld@listcount=\count97
\c@bookmark@seq@number=\count98

(/usr/local/texlive/2018/texmf-dist/tex/latex/oberdiek/rerunfilecheck.sty
Package: rerunfilecheck 2016/05/16 v1.8 Rerun checks for auxiliary files (HO)
Package uniquecounter Info: New unique counter `rerunfilecheck' on input line 2
82.
)
\Hy@SectionHShift=\skip50
)
(/usr/local/texlive/2018/texmf-dist/tex/latex/microtype/microtype.sty
Package: microtype 2018/01/14 v2.7a Micro-typographical refinements (RS)
\MT@toks=\toks18
\MT@count=\count99
LaTeX Info: Redefining \textls on input line 793.
\MT@outer@kern=\dimen112
LaTeX Info: Redefining \textmicrotypecontext on input line 1339.
\MT@listname@count=\count100

(/usr/local/texlive/2018/texmf-dist/tex/latex/microtype/microtype-pdftex.def
File: microtype-pdftex.def 2018/01/14 v2.7a Definitions specific to pdftex (RS)

LaTeX Info: Redefining \lsstyle on input line 913.
LaTeX Info: Redefining \lslig on input line 913.
\MT@outer@space=\skip51
)
Package microtype Info: Loading configuration file microtype.cfg.

(/usr/local/texlive/2018/texmf-dist/tex/latex/microtype/microtype.cfg
File: microtype.cfg 2018/01/14 v2.7a microtype main configuration file (RS)
))
(/usr/local/texlive/2018/texmf-dist/tex/latex/fancyhdr/fancyhdr.sty
Package: fancyhdr 2017/06/30 v3.9a Extensive control of page headers and footer
s
\f@nch@headwidth=\skip52
\f@nch@O@elh=\skip53
\f@nch@O@erh=\skip54
\f@nch@O@olh=\skip55
\f@nch@O@orh=\skip56
\f@nch@O@elf=\skip57
\f@nch@O@erf=\skip58
\f@nch@O@olf=\skip59
\f@nch@O@orf=\skip60
)
(/usr/local/texlive/2018/texmf-dist/tex/latex/graphics/graphicx.sty
Package: graphicx 2017/06/01 v1.1a Enhanced LaTeX Graphics (DPC,SPQR)

(/usr/local/texlive/2018/texmf-dist/tex/latex/graphics/graphics.sty
Package: graphics 2017/06/25 v1.2c Standard LaTeX Graphics (DPC,SPQR)

(/usr/local/texlive/2018/texmf-dist/tex/latex/graphics/trig.sty
Package: trig 2016/01/03 v1.10 sin cos tan (DPC)
)
(/usr/local/texlive/2018/texmf-dist/tex/latex/graphics-cfg/graphics.cfg
File: graphics.cfg 2016/06/04 v1.11 sample graphics configuration
)
Package graphics Info: Driver file: pdftex.def on input line 99.

(/usr/local/texlive/2018/texmf-dist/tex/latex/graphics-def/pdftex.def
File: pdftex.def 2018/01/08 v1.0l Graphics/color driver for pdftex
))
\Gin@req@height=\dimen113
\Gin@req@width=\dimen114
)
(/usr/local/texlive/2018/texmf-dist/tex/latex/psnfss/palatino.sty
Package: palatino 2005/04/12 PSNFSS-v9.2a (SPQR) 
)
(/usr/local/texlive/2018/texmf-dist/tex/latex/listings/listings.sty
\lst@mode=\count101
\lst@gtempboxa=\box27
\lst@token=\toks19
\lst@length=\count102
\lst@currlwidth=\dimen115
\lst@column=\count103
\lst@pos=\count104
\lst@lostspace=\dimen116
\lst@width=\dimen117
\lst@newlines=\count105
\lst@lineno=\count106
\lst@maxwidth=\dimen118

(/usr/local/texlive/2018/texmf-dist/tex/latex/listings/lstmisc.sty
File: lstmisc.sty 2015/06/04 1.6 (Carsten Heinz)
\c@lstnumber=\count107
\lst@skipnumbers=\count108
\lst@framebox=\box28
)
(/usr/local/texlive/2018/texmf-dist/tex/latex/listings/listings.cfg
File: listings.cfg 2015/06/04 1.6 listings configuration
))
Package: listings 2015/06/04 1.6 (Carsten Heinz)

(/usr/local/texlive/2018/texmf-dist/tex/latex/appendix/appendix.sty
Package: appendix 2009/09/02 v1.2b extra appendix facilities
\c@@pps=\count109
\c@@ppsavesec=\count110
\c@@ppsaveapp=\count111
)
(/usr/local/texlive/2018/texmf-dist/tex/latex/carlisle/remreset.sty)
(/usr/local/texlive/2018/texmf-dist/tex/latex/qtree/qtree.sty
Package: 2008/12/12 v.3.1bQtree: tree-drawing for linguistics
Package: qtree 2008/12/12 v.3.1bQtree: tree-drawing for linguistics
(/usr/local/texlive/2018/texmf-dist/tex/latex/pict2e/pict2e.sty
Package: pict2e 2016/02/05 v0.3b Improved picture commands (HjG,RN,JT)

(/usr/local/texlive/2018/texmf-dist/tex/latex/pict2e/pict2e.cfg
File: pict2e.cfg 2016/02/05 v0.1u pict2e configuration for teTeX/TeXLive
)
Package pict2e Info: Driver file: pdftex.def on input line 119.
Package pict2e Info: Driver file for pict2e: p2e-pdftex.def on input line 121.

(/usr/local/texlive/2018/texmf-dist/tex/latex/pict2e/p2e-pdftex.def
File: p2e-pdftex.def 2016/02/05 v0.1u Driver-dependant file (RN,HjG,JT)
)
\pIIe@GRAPH=\toks20
\@arclen=\dimen119
\@arcrad=\dimen120
\@tempdimd=\dimen121
)
\c@treecount=\count112
\c@branchcount=\count113
\parentbox=\box29
\treebox=\box30
\treeboxone=\box31
\treeboxtwo=\box32
\treeboxthree=\box33
\treeboxfour=\box34
\treeboxfive=\box35
\treeboxsix=\box36
\treeboxseven=\box37
\treeboxeight=\box38
\treeboxnine=\box39
\treeboxten=\box40
\treeboxeleven=\box41
\treeboxtwelve=\box42
\treeboxthirteen=\box43
\treeboxfourteen=\box44
\treeboxfifteen=\box45
\treeboxsixteen=\box46
\treeboxseventeen=\box47
\treeboxeighteen=\box48
\treeboxnineteen=\box49
\treeboxtwenty=\box50
\treeoffsetone=\skip61
\treeoffsettwo=\skip62
\treeoffsetthree=\skip63
\treeoffsetfour=\skip64
\treeoffsetfive=\skip65
\treeoffsetsix=\skip66
\treeoffsetseven=\skip67
\treeoffseteight=\skip68
\treeoffsetnine=\skip69
\treeoffsetten=\skip70
\treeoffseteleven=\skip71
\treeoffsettwelve=\skip72
\treeoffsetthirteen=\skip73
\treeoffsetfourteen=\skip74
\treeoffsetfifteen=\skip75
\treeoffsetsixteen=\skip76
\treeoffsetseventeen=\skip77
\treeoffseteighteen=\skip78
\treeoffsetnineteen=\skip79
\treeoffsettwenty=\skip80
\treeshiftone=\skip81
\treeshifttwo=\skip82
\treeshiftthree=\skip83
\treeshiftfour=\skip84
\treeshiftfive=\skip85
\treeshiftsix=\skip86
\treeshiftseven=\skip87
\treeshifteight=\skip88
\treeshiftnine=\skip89
\treeshiftten=\skip90
\treeshifteleven=\skip91
\treeshifttwelve=\skip92
\treeshiftthirteen=\skip93
\treeshiftfourteen=\skip94
\treeshiftfifteen=\skip95
\treeshiftsixteen=\skip96
\treeshiftseventeen=\skip97
\treeshifteighteen=\skip98
\treeshiftnineteen=\skip99
\treeshifttwenty=\skip100
\treewidthone=\skip101
\treewidthtwo=\skip102
\treewidththree=\skip103
\treewidthfour=\skip104
\treewidthfive=\skip105
\treewidthsix=\skip106
\treewidthseven=\skip107
\treewidtheight=\skip108
\treewidthnine=\skip109
\treewidthten=\skip110
\treewidtheleven=\skip111
\treewidthtwelve=\skip112
\treewidththirteen=\skip113
\treewidthfourteen=\skip114
\treewidthfifteen=\skip115
\treewidthsixteen=\skip116
\treewidthseventeen=\skip117
\treewidtheighteen=\skip118
\treewidthnineteen=\skip119
\treewidthtwenty=\skip120
\daughteroffsetone=\skip121
\daughteroffsettwo=\skip122
\daughteroffsetthree=\skip123
\daughteroffsetfour=\skip124
\branchwidthone=\skip125
\branchwidthtwo=\skip126
\branchwidththree=\skip127
\branchwidthfour=\skip128
\parentoffset=\skip129
\treeoffset=\skip130
\daughteroffset=\skip131
\branchwidth=\skip132
\parentwidth=\skip133
\treewidth=\skip134
\qta=\toks21
\qtb=\toks22
\nbranches=\count114
\qroofx=\count115
\qroofy=\count116
\@qrscratchbox=\box51
)
(/usr/local/texlive/2018/texmf-dist/tex/latex/wrapfig/wrapfig.sty
\wrapoverhang=\dimen122
\WF@size=\dimen123
\c@WF@wrappedlines=\count117
\WF@box=\box52
\WF@everypar=\toks23
Package: wrapfig 2003/01/31  v 3.6
)
(/usr/local/texlive/2018/texmf-dist/tex/latex/tools/array.sty
Package: array 2018/04/07 v2.4g Tabular extension package (FMi)
\col@sep=\dimen124
\ar@mcellbox=\box53
\extrarowheight=\dimen125
\NC@list=\toks24
\extratabsurround=\skip135
\backup@length=\skip136
\ar@cellbox=\box54
)
(/usr/local/texlive/2018/texmf-dist/tex/latex/multirow/multirow.sty
Package: multirow 2016/11/25 v2.2 Span multiple rows of a table
\multirow@colwidth=\skip137
\multirow@cntb=\count118
\multirow@dima=\skip138
\bigstrutjot=\dimen126
)
(/usr/local/texlive/2018/texmf-dist/tex/latex/amsmath/amsmath.sty
Package: amsmath 2017/09/02 v2.17a AMS math features
\@mathmargin=\skip139

For additional information on amsmath, use the `?' option.
(/usr/local/texlive/2018/texmf-dist/tex/latex/amsmath/amstext.sty
Package: amstext 2000/06/29 v2.01 AMS text

(/usr/local/texlive/2018/texmf-dist/tex/latex/amsmath/amsgen.sty
File: amsgen.sty 1999/11/30 v2.0 generic functions
\@emptytoks=\toks25
\ex@=\dimen127
))
(/usr/local/texlive/2018/texmf-dist/tex/latex/amsmath/amsbsy.sty
Package: amsbsy 1999/11/29 v1.2d Bold Symbols
\pmbraise@=\dimen128
)
(/usr/local/texlive/2018/texmf-dist/tex/latex/amsmath/amsopn.sty
Package: amsopn 2016/03/08 v2.02 operator names
)
\inf@bad=\count119
LaTeX Info: Redefining \frac on input line 213.
\uproot@=\count120
\leftroot@=\count121
LaTeX Info: Redefining \overline on input line 375.
\classnum@=\count122
\DOTSCASE@=\count123
LaTeX Info: Redefining \ldots on input line 472.
LaTeX Info: Redefining \dots on input line 475.
LaTeX Info: Redefining \cdots on input line 596.
\Mathstrutbox@=\box55
\strutbox@=\box56
\big@size=\dimen129
LaTeX Font Info:    Redeclaring font encoding OML on input line 712.
LaTeX Font Info:    Redeclaring font encoding OMS on input line 713.
\macc@depth=\count124
\c@MaxMatrixCols=\count125
\dotsspace@=\muskip11
\c@parentequation=\count126
\dspbrk@lvl=\count127
\tag@help=\toks26
\row@=\count128
\column@=\count129
\maxfields@=\count130
\andhelp@=\toks27
\eqnshift@=\dimen130
\alignsep@=\dimen131
\tagshift@=\dimen132
\tagwidth@=\dimen133
\totwidth@=\dimen134
\lineht@=\dimen135
\@envbody=\toks28
\multlinegap=\skip140
\multlinetaggap=\skip141
\mathdisplay@stack=\toks29
LaTeX Info: Redefining \[ on input line 2817.
LaTeX Info: Redefining \] on input line 2818.
)
(/usr/local/texlive/2018/texmf-dist/tex/latex/amsfonts/amssymb.sty
Package: amssymb 2013/01/14 v3.01 AMS font symbols

(/usr/local/texlive/2018/texmf-dist/tex/latex/amsfonts/amsfonts.sty
Package: amsfonts 2013/01/14 v3.01 Basic AMSFonts support
\symAMSa=\mathgroup4
\symAMSb=\mathgroup5
LaTeX Font Info:    Overwriting math alphabet `\mathfrak' in version `bold'
(Font)                  U/euf/m/n --> U/euf/b/n on input line 106.
))
(/usr/local/texlive/2018/texmf-dist/tex/latex/graphics/color.sty
Package: color 2016/07/10 v1.1e Standard LaTeX Color (DPC)

(/usr/local/texlive/2018/texmf-dist/tex/latex/graphics-cfg/color.cfg
File: color.cfg 2016/01/02 v1.6 sample color configuration
)
Package color Info: Driver file: pdftex.def on input line 147.
))
(/usr/local/texlive/2018/texmf-dist/tex/latex/pgf/frontendlayer/tikz.sty
(/usr/local/texlive/2018/texmf-dist/tex/latex/pgf/basiclayer/pgf.sty
(/usr/local/texlive/2018/texmf-dist/tex/latex/pgf/utilities/pgfrcs.sty
(/usr/local/texlive/2018/texmf-dist/tex/generic/pgf/utilities/pgfutil-common.te
x
\pgfutil@everybye=\toks30
\pgfutil@tempdima=\dimen136
\pgfutil@tempdimb=\dimen137

(/usr/local/texlive/2018/texmf-dist/tex/generic/pgf/utilities/pgfutil-common-li
sts.tex))
(/usr/local/texlive/2018/texmf-dist/tex/generic/pgf/utilities/pgfutil-latex.def
\pgfutil@abb=\box57
(/usr/local/texlive/2018/texmf-dist/tex/latex/ms/everyshi.sty
Package: everyshi 2001/05/15 v3.00 EveryShipout Package (MS)
))
(/usr/local/texlive/2018/texmf-dist/tex/generic/pgf/utilities/pgfrcs.code.tex
Package: pgfrcs 2015/08/07 v3.0.1a (rcs-revision 1.31)
))
Package: pgf 2015/08/07 v3.0.1a (rcs-revision 1.15)
(/usr/local/texlive/2018/texmf-dist/tex/latex/pgf/basiclayer/pgfcore.sty
(/usr/local/texlive/2018/texmf-dist/tex/latex/pgf/systemlayer/pgfsys.sty
(/usr/local/texlive/2018/texmf-dist/tex/generic/pgf/systemlayer/pgfsys.code.tex
Package: pgfsys 2014/07/09 v3.0.1a (rcs-revision 1.48)
(/usr/local/texlive/2018/texmf-dist/tex/generic/pgf/utilities/pgfkeys.code.tex
\pgfkeys@pathtoks=\toks31
\pgfkeys@temptoks=\toks32

(/usr/local/texlive/2018/texmf-dist/tex/generic/pgf/utilities/pgfkeysfiltered.c
ode.tex
\pgfkeys@tmptoks=\toks33
))
\pgf@x=\dimen138
\pgf@y=\dimen139
\pgf@xa=\dimen140
\pgf@ya=\dimen141
\pgf@xb=\dimen142
\pgf@yb=\dimen143
\pgf@xc=\dimen144
\pgf@yc=\dimen145
\w@pgf@writea=\write3
\r@pgf@reada=\read1
\c@pgf@counta=\count131
\c@pgf@countb=\count132
\c@pgf@countc=\count133
\c@pgf@countd=\count134
\t@pgf@toka=\toks34
\t@pgf@tokb=\toks35
\t@pgf@tokc=\toks36

(/usr/local/texlive/2018/texmf-dist/tex/generic/pgf/systemlayer/pgf.cfg
File: pgf.cfg 2008/05/14  (rcs-revision 1.7)
)
Driver file for pgf: pgfsys-pdftex.def

(/usr/local/texlive/2018/texmf-dist/tex/generic/pgf/systemlayer/pgfsys-pdftex.d
ef
File: pgfsys-pdftex.def 2014/10/11  (rcs-revision 1.35)

(/usr/local/texlive/2018/texmf-dist/tex/generic/pgf/systemlayer/pgfsys-common-p
df.def
File: pgfsys-common-pdf.def 2013/10/10  (rcs-revision 1.13)
)))
(/usr/local/texlive/2018/texmf-dist/tex/generic/pgf/systemlayer/pgfsyssoftpath.
code.tex
File: pgfsyssoftpath.code.tex 2013/09/09  (rcs-revision 1.9)
\pgfsyssoftpath@smallbuffer@items=\count135
\pgfsyssoftpath@bigbuffer@items=\count136
)
(/usr/local/texlive/2018/texmf-dist/tex/generic/pgf/systemlayer/pgfsysprotocol.
code.tex
File: pgfsysprotocol.code.tex 2006/10/16  (rcs-revision 1.4)
)) (/usr/local/texlive/2018/texmf-dist/tex/latex/xcolor/xcolor.sty
Package: xcolor 2016/05/11 v2.12 LaTeX color extensions (UK)

(/usr/local/texlive/2018/texmf-dist/tex/latex/graphics-cfg/color.cfg
File: color.cfg 2016/01/02 v1.6 sample color configuration
)
Package xcolor Info: Driver file: pdftex.def on input line 225.
LaTeX Info: Redefining \color on input line 709.
Package xcolor Info: Model `cmy' substituted by `cmy0' on input line 1348.
Package xcolor Info: Model `hsb' substituted by `rgb' on input line 1352.
Package xcolor Info: Model `RGB' extended on input line 1364.
Package xcolor Info: Model `HTML' substituted by `rgb' on input line 1366.
Package xcolor Info: Model `Hsb' substituted by `hsb' on input line 1367.
Package xcolor Info: Model `tHsb' substituted by `hsb' on input line 1368.
Package xcolor Info: Model `HSB' substituted by `hsb' on input line 1369.
Package xcolor Info: Model `Gray' substituted by `gray' on input line 1370.
Package xcolor Info: Model `wave' substituted by `hsb' on input line 1371.
)
(/usr/local/texlive/2018/texmf-dist/tex/generic/pgf/basiclayer/pgfcore.code.tex
Package: pgfcore 2010/04/11 v3.0.1a (rcs-revision 1.7)
(/usr/local/texlive/2018/texmf-dist/tex/generic/pgf/math/pgfmath.code.tex
(/usr/local/texlive/2018/texmf-dist/tex/generic/pgf/math/pgfmathcalc.code.tex
(/usr/local/texlive/2018/texmf-dist/tex/generic/pgf/math/pgfmathutil.code.tex)
(/usr/local/texlive/2018/texmf-dist/tex/generic/pgf/math/pgfmathparser.code.tex
\pgfmath@dimen=\dimen146
\pgfmath@count=\count137
\pgfmath@box=\box58
\pgfmath@toks=\toks37
\pgfmath@stack@operand=\toks38
\pgfmath@stack@operation=\toks39
)
(/usr/local/texlive/2018/texmf-dist/tex/generic/pgf/math/pgfmathfunctions.code.
tex
(/usr/local/texlive/2018/texmf-dist/tex/generic/pgf/math/pgfmathfunctions.basic
.code.tex)
(/usr/local/texlive/2018/texmf-dist/tex/generic/pgf/math/pgfmathfunctions.trigo
nometric.code.tex)
(/usr/local/texlive/2018/texmf-dist/tex/generic/pgf/math/pgfmathfunctions.rando
m.code.tex)
(/usr/local/texlive/2018/texmf-dist/tex/generic/pgf/math/pgfmathfunctions.compa
rison.code.tex)
(/usr/local/texlive/2018/texmf-dist/tex/generic/pgf/math/pgfmathfunctions.base.
code.tex)
(/usr/local/texlive/2018/texmf-dist/tex/generic/pgf/math/pgfmathfunctions.round
.code.tex)
(/usr/local/texlive/2018/texmf-dist/tex/generic/pgf/math/pgfmathfunctions.misc.
code.tex)
(/usr/local/texlive/2018/texmf-dist/tex/generic/pgf/math/pgfmathfunctions.integ
erarithmetics.code.tex)))
(/usr/local/texlive/2018/texmf-dist/tex/generic/pgf/math/pgfmathfloat.code.tex
\c@pgfmathroundto@lastzeros=\count138
))
(/usr/local/texlive/2018/texmf-dist/tex/generic/pgf/basiclayer/pgfcorepoints.co
de.tex
File: pgfcorepoints.code.tex 2013/10/07  (rcs-revision 1.27)
\pgf@picminx=\dimen147
\pgf@picmaxx=\dimen148
\pgf@picminy=\dimen149
\pgf@picmaxy=\dimen150
\pgf@pathminx=\dimen151
\pgf@pathmaxx=\dimen152
\pgf@pathminy=\dimen153
\pgf@pathmaxy=\dimen154
\pgf@xx=\dimen155
\pgf@xy=\dimen156
\pgf@yx=\dimen157
\pgf@yy=\dimen158
\pgf@zx=\dimen159
\pgf@zy=\dimen160
)
(/usr/local/texlive/2018/texmf-dist/tex/generic/pgf/basiclayer/pgfcorepathconst
ruct.code.tex
File: pgfcorepathconstruct.code.tex 2013/10/07  (rcs-revision 1.29)
\pgf@path@lastx=\dimen161
\pgf@path@lasty=\dimen162
)
(/usr/local/texlive/2018/texmf-dist/tex/generic/pgf/basiclayer/pgfcorepathusage
.code.tex
File: pgfcorepathusage.code.tex 2014/11/02  (rcs-revision 1.24)
\pgf@shorten@end@additional=\dimen163
\pgf@shorten@start@additional=\dimen164
)
(/usr/local/texlive/2018/texmf-dist/tex/generic/pgf/basiclayer/pgfcorescopes.co
de.tex
File: pgfcorescopes.code.tex 2015/05/08  (rcs-revision 1.46)
\pgfpic=\box59
\pgf@hbox=\box60
\pgf@layerbox@main=\box61
\pgf@picture@serial@count=\count139
)
(/usr/local/texlive/2018/texmf-dist/tex/generic/pgf/basiclayer/pgfcoregraphicst
ate.code.tex
File: pgfcoregraphicstate.code.tex 2014/11/02  (rcs-revision 1.12)
\pgflinewidth=\dimen165
)
(/usr/local/texlive/2018/texmf-dist/tex/generic/pgf/basiclayer/pgfcoretransform
ations.code.tex
File: pgfcoretransformations.code.tex 2015/08/07  (rcs-revision 1.20)
\pgf@pt@x=\dimen166
\pgf@pt@y=\dimen167
\pgf@pt@temp=\dimen168
)
(/usr/local/texlive/2018/texmf-dist/tex/generic/pgf/basiclayer/pgfcorequick.cod
e.tex
File: pgfcorequick.code.tex 2008/10/09  (rcs-revision 1.3)
)
(/usr/local/texlive/2018/texmf-dist/tex/generic/pgf/basiclayer/pgfcoreobjects.c
ode.tex
File: pgfcoreobjects.code.tex 2006/10/11  (rcs-revision 1.2)
)
(/usr/local/texlive/2018/texmf-dist/tex/generic/pgf/basiclayer/pgfcorepathproce
ssing.code.tex
File: pgfcorepathprocessing.code.tex 2013/09/09  (rcs-revision 1.9)
)
(/usr/local/texlive/2018/texmf-dist/tex/generic/pgf/basiclayer/pgfcorearrows.co
de.tex
File: pgfcorearrows.code.tex 2015/05/14  (rcs-revision 1.43)
\pgfarrowsep=\dimen169
)
(/usr/local/texlive/2018/texmf-dist/tex/generic/pgf/basiclayer/pgfcoreshade.cod
e.tex
File: pgfcoreshade.code.tex 2013/07/15  (rcs-revision 1.15)
\pgf@max=\dimen170
\pgf@sys@shading@range@num=\count140
)
(/usr/local/texlive/2018/texmf-dist/tex/generic/pgf/basiclayer/pgfcoreimage.cod
e.tex
File: pgfcoreimage.code.tex 2013/07/15  (rcs-revision 1.18)

(/usr/local/texlive/2018/texmf-dist/tex/generic/pgf/basiclayer/pgfcoreexternal.
code.tex
File: pgfcoreexternal.code.tex 2014/07/09  (rcs-revision 1.21)
\pgfexternal@startupbox=\box62
))
(/usr/local/texlive/2018/texmf-dist/tex/generic/pgf/basiclayer/pgfcorelayers.co
de.tex
File: pgfcorelayers.code.tex 2013/07/18  (rcs-revision 1.7)
)
(/usr/local/texlive/2018/texmf-dist/tex/generic/pgf/basiclayer/pgfcoretranspare
ncy.code.tex
File: pgfcoretransparency.code.tex 2013/09/30  (rcs-revision 1.5)
)
(/usr/local/texlive/2018/texmf-dist/tex/generic/pgf/basiclayer/pgfcorepatterns.
code.tex
File: pgfcorepatterns.code.tex 2013/11/07  (rcs-revision 1.5)
)))
(/usr/local/texlive/2018/texmf-dist/tex/generic/pgf/modules/pgfmoduleshapes.cod
e.tex
File: pgfmoduleshapes.code.tex 2014/03/21  (rcs-revision 1.35)
\pgfnodeparttextbox=\box63
)
(/usr/local/texlive/2018/texmf-dist/tex/generic/pgf/modules/pgfmoduleplot.code.
tex
File: pgfmoduleplot.code.tex 2015/08/03  (rcs-revision 1.13)
)
(/usr/local/texlive/2018/texmf-dist/tex/latex/pgf/compatibility/pgfcomp-version
-0-65.sty
Package: pgfcomp-version-0-65 2007/07/03 v3.0.1a (rcs-revision 1.7)
\pgf@nodesepstart=\dimen171
\pgf@nodesepend=\dimen172
)
(/usr/local/texlive/2018/texmf-dist/tex/latex/pgf/compatibility/pgfcomp-version
-1-18.sty
Package: pgfcomp-version-1-18 2007/07/23 v3.0.1a (rcs-revision 1.1)
))
(/usr/local/texlive/2018/texmf-dist/tex/latex/pgf/utilities/pgffor.sty
(/usr/local/texlive/2018/texmf-dist/tex/latex/pgf/utilities/pgfkeys.sty
(/usr/local/texlive/2018/texmf-dist/tex/generic/pgf/utilities/pgfkeys.code.tex)
) (/usr/local/texlive/2018/texmf-dist/tex/latex/pgf/math/pgfmath.sty
(/usr/local/texlive/2018/texmf-dist/tex/generic/pgf/math/pgfmath.code.tex))
(/usr/local/texlive/2018/texmf-dist/tex/generic/pgf/utilities/pgffor.code.tex
Package: pgffor 2013/12/13 v3.0.1a (rcs-revision 1.25)

(/usr/local/texlive/2018/texmf-dist/tex/generic/pgf/math/pgfmath.code.tex)
\pgffor@iter=\dimen173
\pgffor@skip=\dimen174
\pgffor@stack=\toks40
\pgffor@toks=\toks41
))
(/usr/local/texlive/2018/texmf-dist/tex/generic/pgf/frontendlayer/tikz/tikz.cod
e.tex
Package: tikz 2015/08/07 v3.0.1a (rcs-revision 1.151)

(/usr/local/texlive/2018/texmf-dist/tex/generic/pgf/libraries/pgflibraryplothan
dlers.code.tex
File: pgflibraryplothandlers.code.tex 2013/08/31 v3.0.1a (rcs-revision 1.20)
\pgf@plot@mark@count=\count141
\pgfplotmarksize=\dimen175
)
\tikz@lastx=\dimen176
\tikz@lasty=\dimen177
\tikz@lastxsaved=\dimen178
\tikz@lastysaved=\dimen179
\tikzleveldistance=\dimen180
\tikzsiblingdistance=\dimen181
\tikz@figbox=\box64
\tikz@figbox@bg=\box65
\tikz@tempbox=\box66
\tikz@tempbox@bg=\box67
\tikztreelevel=\count142
\tikznumberofchildren=\count143
\tikznumberofcurrentchild=\count144
\tikz@fig@count=\count145

(/usr/local/texlive/2018/texmf-dist/tex/generic/pgf/modules/pgfmodulematrix.cod
e.tex
File: pgfmodulematrix.code.tex 2013/09/17  (rcs-revision 1.8)
\pgfmatrixcurrentrow=\count146
\pgfmatrixcurrentcolumn=\count147
\pgf@matrix@numberofcolumns=\count148
)
\tikz@expandcount=\count149

(/usr/local/texlive/2018/texmf-dist/tex/generic/pgf/frontendlayer/tikz/librarie
s/tikzlibrarytopaths.code.tex
File: tikzlibrarytopaths.code.tex 2008/06/17 v3.0.1a (rcs-revision 1.2)
)))
(/usr/local/texlive/2018/texmf-dist/tex/generic/pgf/frontendlayer/tikz/librarie
s/tikzlibraryshapes.code.tex
File: tikzlibraryshapes.code.tex 2008/01/09 v3.0.1a (rcs-revision 1.1)

(/usr/local/texlive/2018/texmf-dist/tex/generic/pgf/frontendlayer/tikz/librarie
s/tikzlibraryshapes.geometric.code.tex
File: tikzlibraryshapes.geometric.code.tex 2008/01/09 v3.0.1a (rcs-revision 1.1
)

(/usr/local/texlive/2018/texmf-dist/tex/generic/pgf/libraries/shapes/pgflibrary
shapes.geometric.code.tex
File: pgflibraryshapes.geometric.code.tex 2008/06/26 v3.0.1a (rcs-revision 1.1)

))
(/usr/local/texlive/2018/texmf-dist/tex/generic/pgf/frontendlayer/tikz/librarie
s/tikzlibraryshapes.misc.code.tex
File: tikzlibraryshapes.misc.code.tex 2008/01/09 v3.0.1a (rcs-revision 1.1)

(/usr/local/texlive/2018/texmf-dist/tex/generic/pgf/libraries/shapes/pgflibrary
shapes.misc.code.tex
File: pgflibraryshapes.misc.code.tex 2013/07/18 v3.0.1a (rcs-revision 1.5)
))
(/usr/local/texlive/2018/texmf-dist/tex/generic/pgf/frontendlayer/tikz/librarie
s/tikzlibraryshapes.symbols.code.tex
File: tikzlibraryshapes.symbols.code.tex 2008/01/09 v3.0.1a (rcs-revision 1.1)

(/usr/local/texlive/2018/texmf-dist/tex/generic/pgf/libraries/shapes/pgflibrary
shapes.symbols.code.tex
File: pgflibraryshapes.symbols.code.tex 2013/09/11 v3.0.1a (rcs-revision 1.6)
))
(/usr/local/texlive/2018/texmf-dist/tex/generic/pgf/frontendlayer/tikz/librarie
s/tikzlibraryshapes.arrows.code.tex
File: tikzlibraryshapes.arrows.code.tex 2008/01/09 v3.0.1a (rcs-revision 1.1)

(/usr/local/texlive/2018/texmf-dist/tex/generic/pgf/libraries/shapes/pgflibrary
shapes.arrows.code.tex
File: pgflibraryshapes.arrows.code.tex 2008/06/26 v3.0.1a (rcs-revision 1.1)
))
(/usr/local/texlive/2018/texmf-dist/tex/generic/pgf/frontendlayer/tikz/librarie
s/tikzlibraryshapes.callouts.code.tex
(/usr/local/texlive/2018/texmf-dist/tex/generic/pgf/libraries/shapes/pgflibrary
shapes.callouts.code.tex))
(/usr/local/texlive/2018/texmf-dist/tex/generic/pgf/frontendlayer/tikz/librarie
s/tikzlibraryshapes.multipart.code.tex
File: tikzlibraryshapes.multipart.code.tex 2008/01/09 v3.0.1a (rcs-revision 1.1
)

(/usr/local/texlive/2018/texmf-dist/tex/generic/pgf/libraries/shapes/pgflibrary
shapes.multipart.code.tex
File: pgflibraryshapes.multipart.code.tex 2010/01/07 v3.0.1a (rcs-revision 1.2)

\pgfnodepartlowerbox=\box68
\pgfnodeparttwobox=\box69
\pgfnodepartthreebox=\box70
\pgfnodepartfourbox=\box71
\pgfnodeparttwentybox=\box72
\pgfnodepartnineteenbox=\box73
\pgfnodeparteighteenbox=\box74
\pgfnodepartseventeenbox=\box75
\pgfnodepartsixteenbox=\box76
\pgfnodepartfifteenbox=\box77
\pgfnodepartfourteenbox=\box78
\pgfnodepartthirteenbox=\box79
\pgfnodeparttwelvebox=\box80
\pgfnodepartelevenbox=\box81
\pgfnodeparttenbox=\box82
\pgfnodepartninebox=\box83
\pgfnodeparteightbox=\box84
\pgfnodepartsevenbox=\box85
\pgfnodepartsixbox=\box86
\pgfnodepartfivebox=\box87
)))
(/usr/local/texlive/2018/texmf-dist/tex/generic/pgf/frontendlayer/tikz/librarie
s/tikzlibraryarrows.code.tex
File: tikzlibraryarrows.code.tex 2008/01/09 v3.0.1a (rcs-revision 1.1)

(/usr/local/texlive/2018/texmf-dist/tex/generic/pgf/libraries/pgflibraryarrows.
code.tex
File: pgflibraryarrows.code.tex 2013/09/23 v3.0.1a (rcs-revision 1.16)
\arrowsize=\dimen182
)) (/usr/local/texlive/2018/texmf-dist/tex/latex/makecell/makecell.sty
Package: makecell 2009/08/03 V0.1e Managing of Tab Column Heads and Cells
\rotheadsize=\dimen183
\c@nlinenum=\count150
\TeXr@lab=\toks42
) (/usr/local/texlive/2018/texmf-dist/tex/latex/tabu/tabu.sty
Package: tabu 2011/02/26 v2.8 - flexible LaTeX tabulars (FC)

(/usr/local/texlive/2018/texmf-dist/tex/latex/varwidth/varwidth.sty
Package: varwidth 2009/03/30 ver 0.92;  Variable-width minipages
\@vwid@box=\box88
\sift@deathcycles=\count151
\@vwid@loff=\dimen184
\@vwid@roff=\dimen185
)
\c@taburow=\count152
\tabu@nbcols=\count153
\tabu@cnt=\count154
\tabu@Xcol=\count155
\tabu@alloc=\count156
\tabu@nested=\count157
\tabu@target=\dimen186
\tabu@spreadtarget=\dimen187
\tabu@naturalX=\dimen188
\tabucolX=\dimen189
\tabu@Xsum=\dimen190
\extrarowdepth=\dimen191
\abovetabulinesep=\dimen192
\belowtabulinesep=\dimen193
\tabustrutrule=\dimen194
\tabu@thebody=\toks43
\tabu@footnotes=\toks44
\tabu@box=\box89
\tabu@arstrutbox=\box90
\tabu@hleads=\box91
\tabu@vleads=\box92
\tabu@cellskip=\skip142
)
(/usr/local/texlive/2018/texmf-dist/tex/latex/booktabs/booktabs.sty
Package: booktabs 2016/04/27 v1.618033 publication quality tables
\heavyrulewidth=\dimen195
\lightrulewidth=\dimen196
\cmidrulewidth=\dimen197
\belowrulesep=\dimen198
\belowbottomsep=\dimen199
\aboverulesep=\dimen256
\abovetopsep=\dimen257
\cmidrulesep=\dimen258
\cmidrulekern=\dimen259
\defaultaddspace=\dimen260
\@cmidla=\count158
\@cmidlb=\count159
\@aboverulesep=\dimen261
\@belowrulesep=\dimen262
\@thisruleclass=\count160
\@lastruleclass=\count161
\@thisrulewidth=\dimen263
)
(/usr/local/texlive/2018/texmf-dist/tex/latex/pdfpages/pdfpages.sty
Package: pdfpages 2017/10/31 v0.5l Insert pages of external PDF documents (AM)

(/usr/local/texlive/2018/texmf-dist/tex/latex/tools/calc.sty
Package: calc 2017/05/25 v4.3 Infix arithmetic (KKT,FJ)
\calc@Acount=\count162
\calc@Bcount=\count163
\calc@Adimen=\dimen264
\calc@Bdimen=\dimen265
\calc@Askip=\skip143
\calc@Bskip=\skip144
LaTeX Info: Redefining \setlength on input line 80.
LaTeX Info: Redefining \addtolength on input line 81.
\calc@Ccount=\count164
\calc@Cskip=\skip145
)
(/usr/local/texlive/2018/texmf-dist/tex/latex/eso-pic/eso-pic.sty
Package: eso-pic 2015/07/21 v2.0g eso-pic (RN)
)
\AM@pagewidth=\dimen266
\AM@pageheight=\dimen267

(/usr/local/texlive/2018/texmf-dist/tex/latex/pdfpages/pppdftex.def
File: pppdftex.def 2017/10/31 v0.5l Pdfpages driver for pdfTeX (AM)
)
\AM@pagebox=\box93
\AM@global@opts=\toks45
\AM@toc@title=\toks46
\c@AM@survey=\count165
\AM@templatesizebox=\box94
)
(/usr/local/texlive/2018/texmf-dist/tex/latex/float/float.sty
Package: float 2001/11/08 v1.3d Float enhancements (AL)
\c@float@type=\count166
\float@exts=\toks47
\float@box=\box95
\@float@everytoks=\toks48
\@floatcapt=\box96
)
(/usr/local/texlive/2018/texmf-dist/tex/latex/tools/longtable.sty
Package: longtable 2014/10/28 v4.11 Multi-page Table package (DPC)
\LTleft=\skip146
\LTright=\skip147
\LTpre=\skip148
\LTpost=\skip149
\LTchunksize=\count167
\LTcapwidth=\dimen268
\LT@head=\box97
\LT@firsthead=\box98
\LT@foot=\box99
\LT@lastfoot=\box100
\LT@cols=\count168
\LT@rows=\count169
\c@LT@tables=\count170
\c@LT@chunks=\count171
\LT@p@ftn=\toks49
)
(/usr/local/texlive/2018/texmf-dist/tex/latex/graphics/lscape.sty
Package: lscape 2000/10/22 v3.01 Landscape Pages (DPC)
)
(/usr/local/texlive/2018/texmf-dist/tex/latex/caption/caption.sty
Package: caption 2016/02/21 v3.3-144 Customizing captions (AR)

(/usr/local/texlive/2018/texmf-dist/tex/latex/caption/caption3.sty
Package: caption3 2016/05/22 v1.7-166 caption3 kernel (AR)
Package caption3 Info: TeX engine: e-TeX on input line 67.
\captionmargin=\dimen269
\captionmargin@=\dimen270
\captionwidth=\dimen271
\caption@tempdima=\dimen272
\caption@indent=\dimen273
\caption@parindent=\dimen274
\caption@hangindent=\dimen275
)
\c@ContinuedFloat=\count172
Package caption Info: float package is loaded.
Package caption Info: hyperref package is loaded.
Package caption Info: listings package is loaded.
Package caption Info: longtable package is loaded.

(/usr/local/texlive/2018/texmf-dist/tex/latex/caption/ltcaption.sty
Package: ltcaption 2013/06/09 v1.4-94 longtable captions (AR)
)
Package caption Info: wrapfig package is loaded.
)
(./thesis.aux

LaTeX Warning: Label `table:e-c' multiply defined.

)
\openout1 = `thesis.aux'.

LaTeX Font Info:    Checking defaults for OML/cmm/m/it on input line 19.
LaTeX Font Info:    ... okay on input line 19.
LaTeX Font Info:    Checking defaults for T1/cmr/m/n on input line 19.
LaTeX Font Info:    ... okay on input line 19.
LaTeX Font Info:    Checking defaults for OT1/cmr/m/n on input line 19.
LaTeX Font Info:    ... okay on input line 19.
LaTeX Font Info:    Checking defaults for OMS/cmsy/m/n on input line 19.
LaTeX Font Info:    ... okay on input line 19.
LaTeX Font Info:    Checking defaults for OMX/cmex/m/n on input line 19.
LaTeX Font Info:    ... okay on input line 19.
LaTeX Font Info:    Checking defaults for U/cmr/m/n on input line 19.
LaTeX Font Info:    ... okay on input line 19.
LaTeX Font Info:    Checking defaults for PD1/pdf/m/n on input line 19.
LaTeX Font Info:    ... okay on input line 19.
LaTeX Font Info:    Try loading font information for T1+ppl on input line 19.
 (/usr/local/texlive/2018/texmf-dist/tex/latex/psnfss/t1ppl.fd
File: t1ppl.fd 2001/06/04 font definitions for T1/ppl.
)
\AtBeginShipoutBox=\box101
Package hyperref Info: Link coloring ON on input line 19.

(/usr/local/texlive/2018/texmf-dist/tex/latex/hyperref/nameref.sty
Package: nameref 2016/05/21 v2.44 Cross-referencing by name of section

(/usr/local/texlive/2018/texmf-dist/tex/generic/oberdiek/gettitlestring.sty
Package: gettitlestring 2016/05/16 v1.5 Cleanup title references (HO)
)
\c@section@level=\count173
)
LaTeX Info: Redefining \ref on input line 19.
LaTeX Info: Redefining \pageref on input line 19.
LaTeX Info: Redefining \nameref on input line 19.

(./thesis.out) (./thesis.out)
\@outlinefile=\write4
\openout4 = `thesis.out'.

LaTeX Info: Redefining \microtypecontext on input line 19.
Package microtype Info: Generating PDF output.
Package microtype Info: Character protrusion enabled (level 2).
Package microtype Info: Using default protrusion set `alltext'.
Package microtype Info: Automatic font expansion enabled (level 2),
(microtype)             stretch: 20, shrink: 20, step: 1, non-selected.
Package microtype Info: Using default expansion set `basictext'.
Package microtype Info: No adjustment of tracking.
Package microtype Info: No adjustment of interword spacing.
Package microtype Info: No adjustment of character kerning.

(/usr/local/texlive/2018/texmf-dist/tex/latex/microtype/mt-ppl.cfg
File: mt-ppl.cfg 2005/11/16 v1.6 microtype config. file: Palatino (RS)
)
(/usr/local/texlive/2018/texmf-dist/tex/context/base/mkii/supp-pdf.mkii
[Loading MPS to PDF converter (version 2006.09.02).]
\scratchcounter=\count174
\scratchdimen=\dimen276
\scratchbox=\box102
\nofMPsegments=\count175
\nofMParguments=\count176
\everyMPshowfont=\toks50
\MPscratchCnt=\count177
\MPscratchDim=\dimen277
\MPnumerator=\count178
\makeMPintoPDFobject=\count179
\everyMPtoPDFconversion=\toks51
) (/usr/local/texlive/2018/texmf-dist/tex/latex/oberdiek/epstopdf-base.sty
Package: epstopdf-base 2016/05/15 v2.6 Base part for package epstopdf

(/usr/local/texlive/2018/texmf-dist/tex/latex/oberdiek/grfext.sty
Package: grfext 2016/05/16 v1.2 Manage graphics extensions (HO)
)
Package epstopdf-base Info: Redefining graphics rule for `.eps' on input line 4
38.
Package grfext Info: Graphics extension search list:
(grfext)             [.pdf,.png,.jpg,.mps,.jpeg,.jbig2,.jb2,.PDF,.PNG,.JPG,.JPE
G,.JBIG2,.JB2,.eps]
(grfext)             \AppendGraphicsExtensions on input line 456.

(/usr/local/texlive/2018/texmf-dist/tex/latex/latexconfig/epstopdf-sys.cfg
File: epstopdf-sys.cfg 2010/07/13 v1.3 Configuration of (r)epstopdf for TeX Liv
e
))
\c@lstlisting=\count180

ABD: EveryShipout initializing macros
(/usr/local/texlive/2018/texmf-dist/tex/latex/oberdiek/pdflscape.sty
Package: pdflscape 2016/05/14 v0.11 Display of landscape pages in PDF (HO)
Package pdflscape Info: Auto-detected driver: pdftex on input line 81.
)
Package caption Info: Begin \AtBeginDocument code.
Package caption Info: End \AtBeginDocument code.

(/usr/local/texlive/2018/texmf-dist/tex/latex/listings/lstlang1.sty
File: lstlang1.sty 2015/06/04 1.6 listings language file
)
(./sections/c0/titlepage.tex
LaTeX Font Info:    Try loading font information for T1+ptm on input line 19.

(/usr/local/texlive/2018/texmf-dist/tex/latex/psnfss/t1ptm.fd
File: t1ptm.fd 2001/06/04 font definitions for T1/ptm.
)
(/usr/local/texlive/2018/texmf-dist/tex/latex/microtype/mt-ptm.cfg
File: mt-ptm.cfg 2006/04/20 v1.7 microtype config. file: Times (RS)
)
<images/c0/uds_owl.png, id=256, 583.61433pt x 654.52075pt>
File: images/c0/uds_owl.png Graphic file (type png)
<use images/c0/uds_owl.png>
Package pdftex.def Info: images/c0/uds_owl.png  used on input line 21.
(pdftex.def)             Requested size: 71.03699pt x 79.66771pt.
LaTeX Font Info:    Try loading font information for T1+phv on input line 37.

(/usr/local/texlive/2018/texmf-dist/tex/latex/psnfss/t1phv.fd
File: t1phv.fd 2001/06/04 scalable font definitions for T1/phv.
)
LaTeX Font Info:    Font shape `T1/phv/m/n' will be
(Font)              scaled to size 9.30756pt on input line 37.
Package microtype Info: Loading generic protrusion settings for font family
(microtype)             `phv' (encoding: T1).
(microtype)             For optimal results, create family-specific settings.
(microtype)             See the microtype manual for details.
LaTeX Font Info:    Font shape `T1/phv/m/n' will be
(Font)              scaled to size 21.14815pt on input line 37.
 [1

{/usr/local/texlive/2018/texmf-var/fonts/map/pdftex/updmap/pdftex.map} <./image
s/c0/uds_owl.png>]) (./sections/c0/secondpage.tex
LaTeX Font Info:    Font shape `T1/ppl/bx/n' in size <10.95> not available
(Font)              Font shape `T1/ppl/b/n' tried instead on input line 4.

Underfull \hbox (badness 10000) in paragraph at lines 11--13

 []


Underfull \hbox (badness 10000) in paragraph at lines 21--27

 []

)pdfTeX warning (ext4): destination with the same identifier (name{page.i}) has
 been already used, duplicate ignored
<to be read again> 
                   \relax 
l.29 \clearpage
                [1] [2] (./sections/c0/declaration.tex
LaTeX Font Info:    Font shape `T1/ppl/bx/n' in size <14.4> not available
(Font)              Font shape `T1/ppl/b/n' tried instead on input line 1.
) [3

]
(./sections/c0/acks.tex) [4

] (./sections/c0/abstract.tex) [5

]
LaTeX Font Info:    Font shape `T1/phv/m/n' will be
(Font)              scaled to size 76.32187pt on input line 44.
LaTeX Font Info:    Font shape `T1/phv/bx/n' in size <89.7898> not available
(Font)              Font shape `T1/phv/b/n' tried instead on input line 44.
LaTeX Font Info:    Font shape `T1/phv/b/n' will be
(Font)              scaled to size 76.32187pt on input line 44.
LaTeX Font Info:    Font shape `T1/phv/bx/n' in size <10.95> not available
(Font)              Font shape `T1/phv/b/n' tried instead on input line 44.
LaTeX Font Info:    Font shape `T1/phv/b/n' will be
(Font)              scaled to size 9.30756pt on input line 44.
LaTeX Font Info:    Font shape `T1/phv/bx/n' in size <24.88> not available
(Font)              Font shape `T1/phv/b/n' tried instead on input line 44.
LaTeX Font Info:    Font shape `T1/phv/b/n' will be
(Font)              scaled to size 21.14815pt on input line 44.
 (./thesis.toc
(/usr/local/texlive/2018/texmf-dist/tex/latex/microtype/mt-cmr.cfg
File: mt-cmr.cfg 2013/05/19 v2.2 microtype config. file: Computer Modern Roman 
(RS)
)
LaTeX Font Info:    Try loading font information for U+msa on input line 11.

(/usr/local/texlive/2018/texmf-dist/tex/latex/amsfonts/umsa.fd
File: umsa.fd 2013/01/14 v3.01 AMS symbols A
)
(/usr/local/texlive/2018/texmf-dist/tex/latex/microtype/mt-msa.cfg
File: mt-msa.cfg 2006/02/04 v1.1 microtype config. file: AMS symbols (a) (RS)
)
LaTeX Font Info:    Try loading font information for U+msb on input line 11.

(/usr/local/texlive/2018/texmf-dist/tex/latex/amsfonts/umsb.fd
File: umsb.fd 2013/01/14 v3.01 AMS symbols B
)
(/usr/local/texlive/2018/texmf-dist/tex/latex/microtype/mt-msb.cfg
File: mt-msb.cfg 2005/06/01 v1.0 microtype config. file: AMS symbols (b) (RS)
) [6


])
\tf@toc=\write5
\openout5 = `thesis.toc'.


[7] (./sections/introduction.tex
LaTeX Font Info:    Font shape `T1/phv/m/n' will be
(Font)              scaled to size 25.44061pt on input line 1.
LaTeX Font Info:    Font shape `T1/phv/bx/n' in size <29.92993> not available
(Font)              Font shape `T1/phv/b/n' tried instead on input line 1.
LaTeX Font Info:    Font shape `T1/phv/b/n' will be
(Font)              scaled to size 25.44061pt on input line 1.
) (./sections/relatedWork.tex [1



] [2


] [3]
LaTeX Font Info:    Try loading font information for OMS+ppl on input line 25.

(/usr/local/texlive/2018/texmf-dist/tex/latex/psnfss/omsppl.fd
File: omsppl.fd 
)
LaTeX Font Info:    Font shape `OMS/ppl/m/n' in size <10.95> not available
(Font)              Font shape `OMS/cmsy/m/n' tried instead on input line 25.
 [4] [5]
[6] [7] [8]) (./sections/concept.tex [9] [10


] [11]
Overfull \hbox (2.43768pt too wide) in paragraph at lines 41--57
 [][] 
 []

[12]

LaTeX Warning: `h' float specifier changed to `ht'.

[13] [14] [15] [16] [17] [18]
Overfull \hbox (2.43768pt too wide) in paragraph at lines 197--221
 [][] 
 []


LaTeX Warning: `h' float specifier changed to `ht'.

[19] [20]) (./sections/implementation.tex [21]
LaTeX Font Info:    Font shape `T1/ppl/bx/n' in size <12> not available
(Font)              Font shape `T1/ppl/b/n' tried instead on input line 15.
 [22


]) (./sections/userstudy.tex
[23] [24]
<./images/RplotDemographicsFields.pdf, id=614, 349.08458pt x 263.0939pt>
File: ./images/RplotDemographicsFields.pdf Graphic file (type pdf)
<use ./images/RplotDemographicsFields.pdf>
Package pdftex.def Info: ./images/RplotDemographicsFields.pdf  used on input li
ne 8.
(pdftex.def)             Requested size: 157.08661pt x 118.39114pt.
<./images/RplotDemographicsStudyLevel.pdf, id=615, 332.77805pt x 267.43233pt>
File: ./images/RplotDemographicsStudyLevel.pdf Graphic file (type pdf)
<use ./images/RplotDemographicsStudyLevel.pdf>
Package pdftex.def Info: ./images/RplotDemographicsStudyLevel.pdf  used on inpu
t line 15.
(pdftex.def)             Requested size: 149.74873pt x 120.34343pt.
 [25


 <./images/RplotDemographicsFields.pdf>]
<./images/RplotDemographicsDeviceUse.pdf, id=629, 323.61009pt x 246.75296pt>
File: ./images/RplotDemographicsDeviceUse.pdf Graphic file (type pdf)
<use ./images/RplotDemographicsDeviceUse.pdf>
Package pdftex.def Info: ./images/RplotDemographicsDeviceUse.pdf  used on input
 line 24.
(pdftex.def)             Requested size: 145.62318pt x 111.0378pt.
<./images/RplotDemographicsDeviceUseInHours.pdf, id=631, 751.80875pt x 426.5937
5pt>
File: ./images/RplotDemographicsDeviceUseInHours.pdf Graphic file (type pdf)
<use ./images/RplotDemographicsDeviceUseInHours.pdf>
Package pdftex.def Info: ./images/RplotDemographicsDeviceUseInHours.pdf  used o
n input line 33.
(pdftex.def)             Requested size: 338.3108pt x 191.96541pt.
 [26 <./images/RplotDemographicsStudyLevel.pdf> <./images/RplotDemographicsDevi
ceUse.pdf>]
Overfull \hbox (2.10431pt too wide) in paragraph at lines 62--62
[]|\T1/ppl/m/n/10.95 (-20) Rock&Roll| 
 []


Overfull \hbox (0.75092pt too wide) in paragraph at lines 43--66
 [][] 
 []

[27 <./images/RplotDemographicsDeviceUseInHours.pdf>] [28] [29]
Overfull \hbox (10.87881pt too wide) in paragraph at lines 114--115
[]\T1/ppl/m/n/10.95 (-20) For Mascot-Tablet case-study, there are five vari-abl
e: yel-low, or-ange, turquoise,
 []

[30]) (./sections/results.tex [31] [32


]
Overfull \hbox (1.05746pt too wide) in paragraph at lines 37--37
[]|\T1/ppl/m/n/10.95 (-20) 39.959| 
 []


Overfull \hbox (1.05746pt too wide) in paragraph at lines 38--38
[]|\T1/ppl/m/n/10.95 (-20) 56.448| 
 []


Overfull \hbox (2.16266pt too wide) in paragraph at lines 39--39
[]|\T1/ppl/m/n/10.95 (-20) Conscientiousness| 
 []


Overfull \hbox (1.05746pt too wide) in paragraph at lines 39--39
[]|\T1/ppl/m/n/10.95 (-20) 25.847| 
 []


Overfull \hbox (1.05746pt too wide) in paragraph at lines 40--40
[]|\T1/ppl/m/n/10.95 (-20) 52.377| 
 []


Overfull \hbox (1.05746pt too wide) in paragraph at lines 41--41
[]|\T1/ppl/m/n/10.95 (-20) 18.156| 
 []


Overfull \hbox (2.07996pt too wide) in paragraph at lines 58--58
[]|\T1/ppl/b/n/10.95 Min| 
 []


Overfull \hbox (3.81328pt too wide) in paragraph at lines 58--58
[]|\T1/ppl/m/n/10.95 (-20) 2.3| 
 []


Overfull \hbox (3.81328pt too wide) in paragraph at lines 58--58
[]|\T1/ppl/m/n/10.95 (-20) 2.3| 
 []


Overfull \hbox (3.81328pt too wide) in paragraph at lines 58--58
[]|\T1/ppl/m/n/10.95 (-20) 1.8| 
 []


Overfull \hbox (3.81328pt too wide) in paragraph at lines 58--58
[]|\T1/ppl/m/n/10.95 (-20) 1.0| 
 []


Overfull \hbox (3.81328pt too wide) in paragraph at lines 58--58
[]|\T1/ppl/m/n/10.95 (-20) 1.7| 
 []


Overfull \hbox (2.32167pt too wide) in paragraph at lines 58--58
[]|\T1/ppl/m/n/10.95 (-20) B1| 
 []


Overfull \hbox (2.32167pt too wide) in paragraph at lines 58--58
[]|\T1/ppl/m/n/10.95 (-20) B2| 
 []


Overfull \hbox (2.32167pt too wide) in paragraph at lines 58--58
[]|\T1/ppl/m/n/10.95 (-20) B3| 
 []


Overfull \hbox (2.32167pt too wide) in paragraph at lines 58--58
[]|\T1/ppl/m/n/10.95 (-20) B4| 
 []


Overfull \hbox (2.32167pt too wide) in paragraph at lines 58--58
[]|\T1/ppl/m/n/10.95 (-20) B5| 
 []


Overfull \hbox (3.37328pt too wide) in paragraph at lines 58--58
[]|\T1/ppl/m/n/10.95 (-20) C1| 
 []


Overfull \hbox (3.37328pt too wide) in paragraph at lines 58--58
[]|\T1/ppl/m/n/10.95 (-20) C2| 
 []


Overfull \hbox (3.37328pt too wide) in paragraph at lines 58--58
[]|\T1/ppl/m/n/10.95 (-20) C3| 
 []


Overfull \hbox (3.37328pt too wide) in paragraph at lines 58--58
[]|\T1/ppl/m/n/10.95 (-20) C4| 
 []


Overfull \hbox (3.37328pt too wide) in paragraph at lines 58--59
[]|\T1/ppl/m/n/10.95 (-20) C5| 
 []


Overfull \hbox (3.90865pt too wide) in paragraph at lines 60--60
[]|\T1/ppl/b/n/10.95 Med| 
 []


Overfull \hbox (3.81328pt too wide) in paragraph at lines 60--60
[]|\T1/ppl/m/n/10.95 (-20) 3.7| 
 []


Overfull \hbox (3.81328pt too wide) in paragraph at lines 60--60
[]|\T1/ppl/m/n/10.95 (-20) 3.0| 
 []


Overfull \hbox (3.81328pt too wide) in paragraph at lines 60--60
[]|\T1/ppl/m/n/10.95 (-20) 2.7| 
 []


Overfull \hbox (3.81328pt too wide) in paragraph at lines 60--60
[]|\T1/ppl/m/n/10.95 (-20) 1.7| 
 []


Overfull \hbox (3.81328pt too wide) in paragraph at lines 60--60
[]|\T1/ppl/m/n/10.95 (-20) 2.8| 
 []


Overfull \hbox (2.32167pt too wide) in paragraph at lines 60--60
[]|\T1/ppl/m/n/10.95 (-20) B1| 
 []


Overfull \hbox (2.32167pt too wide) in paragraph at lines 60--60
[]|\T1/ppl/m/n/10.95 (-20) B2| 
 []


Overfull \hbox (2.32167pt too wide) in paragraph at lines 60--60
[]|\T1/ppl/m/n/10.95 (-20) B3| 
 []


Overfull \hbox (2.32167pt too wide) in paragraph at lines 60--60
[]|\T1/ppl/m/n/10.95 (-20) B4| 
 []


Overfull \hbox (2.32167pt too wide) in paragraph at lines 60--60
[]|\T1/ppl/m/n/10.95 (-20) B5| 
 []


Overfull \hbox (3.37328pt too wide) in paragraph at lines 60--60
[]|\T1/ppl/m/n/10.95 (-20) C1| 
 []


Overfull \hbox (3.37328pt too wide) in paragraph at lines 60--60
[]|\T1/ppl/m/n/10.95 (-20) C2| 
 []


Overfull \hbox (3.37328pt too wide) in paragraph at lines 60--60
[]|\T1/ppl/m/n/10.95 (-20) C3| 
 []


Overfull \hbox (3.37328pt too wide) in paragraph at lines 60--60
[]|\T1/ppl/m/n/10.95 (-20) C4| 
 []


Overfull \hbox (3.37328pt too wide) in paragraph at lines 60--61
[]|\T1/ppl/m/n/10.95 (-20) C5| 
 []


Overfull \hbox (2.6932pt too wide) in paragraph at lines 62--62
[]|\T1/ppl/b/n/10.95 Max| 
 []


Overfull \hbox (3.81328pt too wide) in paragraph at lines 62--62
[]|\T1/ppl/m/n/10.95 (-20) 4.8| 
 []


Overfull \hbox (3.81328pt too wide) in paragraph at lines 62--62
[]|\T1/ppl/m/n/10.95 (-20) 4.8| 
 []


Overfull \hbox (3.81328pt too wide) in paragraph at lines 62--62
[]|\T1/ppl/m/n/10.95 (-20) 4.2| 
 []


Overfull \hbox (3.81328pt too wide) in paragraph at lines 62--62
[]|\T1/ppl/m/n/10.95 (-20) 4.5| 
 []


Overfull \hbox (3.81328pt too wide) in paragraph at lines 62--62
[]|\T1/ppl/m/n/10.95 (-20) 3.7| 
 []


Overfull \hbox (2.32167pt too wide) in paragraph at lines 62--62
[]|\T1/ppl/m/n/10.95 (-20) B1| 
 []


Overfull \hbox (2.32167pt too wide) in paragraph at lines 62--62
[]|\T1/ppl/m/n/10.95 (-20) B2| 
 []


Overfull \hbox (2.32167pt too wide) in paragraph at lines 62--62
[]|\T1/ppl/m/n/10.95 (-20) B3| 
 []


Overfull \hbox (2.32167pt too wide) in paragraph at lines 62--62
[]|\T1/ppl/m/n/10.95 (-20) B4| 
 []


Overfull \hbox (2.32167pt too wide) in paragraph at lines 62--62
[]|\T1/ppl/m/n/10.95 (-20) B5| 
 []


Overfull \hbox (3.37328pt too wide) in paragraph at lines 62--62
[]|\T1/ppl/m/n/10.95 (-20) C1| 
 []


Overfull \hbox (3.37328pt too wide) in paragraph at lines 62--62
[]|\T1/ppl/m/n/10.95 (-20) C2| 
 []


Overfull \hbox (3.37328pt too wide) in paragraph at lines 62--62
[]|\T1/ppl/m/n/10.95 (-20) C3| 
 []


Overfull \hbox (3.37328pt too wide) in paragraph at lines 62--62
[]|\T1/ppl/m/n/10.95 (-20) C4| 
 []


Overfull \hbox (3.37328pt too wide) in paragraph at lines 62--63
[]|\T1/ppl/m/n/10.95 (-20) C5| 
 []


Overfull \hbox (2.07996pt too wide) in paragraph at lines 70--70
[]|\T1/ppl/b/n/10.95 Min| 
 []


Overfull \hbox (4.07082pt too wide) in paragraph at lines 70--70
[]|\T1/ppl/m/n/10.95 (-20) D1| 
 []


Overfull \hbox (4.07082pt too wide) in paragraph at lines 70--70
[]|\T1/ppl/m/n/10.95 (-20) D2| 
 []


Overfull \hbox (4.07082pt too wide) in paragraph at lines 70--70
[]|\T1/ppl/m/n/10.95 (-20) D3| 
 []


Overfull \hbox (4.07082pt too wide) in paragraph at lines 70--70
[]|\T1/ppl/m/n/10.95 (-20) D4| 
 []


Overfull \hbox (4.07082pt too wide) in paragraph at lines 70--70
[]|\T1/ppl/m/n/10.95 (-20) D5| 
 []


Overfull \hbox (2.32167pt too wide) in paragraph at lines 70--70
[]|\T1/ppl/m/n/10.95 (-20) E1| 
 []


Overfull \hbox (2.32167pt too wide) in paragraph at lines 70--70
[]|\T1/ppl/m/n/10.95 (-20) E2| 
 []


Overfull \hbox (2.32167pt too wide) in paragraph at lines 70--70
[]|\T1/ppl/m/n/10.95 (-20) E3| 
 []


Overfull \hbox (2.32167pt too wide) in paragraph at lines 70--70
[]|\T1/ppl/m/n/10.95 (-20) E4| 
 []


Overfull \hbox (2.32167pt too wide) in paragraph at lines 70--71
[]|\T1/ppl/m/n/10.95 (-20) E5| 
 []


Overfull \hbox (3.90865pt too wide) in paragraph at lines 72--72
[]|\T1/ppl/b/n/10.95 Med| 
 []


Overfull \hbox (4.07082pt too wide) in paragraph at lines 72--72
[]|\T1/ppl/m/n/10.95 (-20) D1| 
 []


Overfull \hbox (4.07082pt too wide) in paragraph at lines 72--72
[]|\T1/ppl/m/n/10.95 (-20) D2| 
 []


Overfull \hbox (4.07082pt too wide) in paragraph at lines 72--72
[]|\T1/ppl/m/n/10.95 (-20) D3| 
 []


Overfull \hbox (4.07082pt too wide) in paragraph at lines 72--72
[]|\T1/ppl/m/n/10.95 (-20) D4| 
 []


Overfull \hbox (4.07082pt too wide) in paragraph at lines 72--72
[]|\T1/ppl/m/n/10.95 (-20) D5| 
 []


Overfull \hbox (2.32167pt too wide) in paragraph at lines 72--72
[]|\T1/ppl/m/n/10.95 (-20) E1| 
 []


Overfull \hbox (2.32167pt too wide) in paragraph at lines 72--72
[]|\T1/ppl/m/n/10.95 (-20) E2| 
 []


Overfull \hbox (2.32167pt too wide) in paragraph at lines 72--72
[]|\T1/ppl/m/n/10.95 (-20) E3| 
 []


Overfull \hbox (2.32167pt too wide) in paragraph at lines 72--72
[]|\T1/ppl/m/n/10.95 (-20) E4| 
 []


Overfull \hbox (2.32167pt too wide) in paragraph at lines 72--73
[]|\T1/ppl/m/n/10.95 (-20) E5| 
 []


Overfull \hbox (2.6932pt too wide) in paragraph at lines 74--74
[]|\T1/ppl/b/n/10.95 Max| 
 []


Overfull \hbox (4.07082pt too wide) in paragraph at lines 74--74
[]|\T1/ppl/m/n/10.95 (-20) D1| 
 []


Overfull \hbox (4.07082pt too wide) in paragraph at lines 74--74
[]|\T1/ppl/m/n/10.95 (-20) D2| 
 []


Overfull \hbox (4.07082pt too wide) in paragraph at lines 74--74
[]|\T1/ppl/m/n/10.95 (-20) D3| 
 []


Overfull \hbox (4.07082pt too wide) in paragraph at lines 74--74
[]|\T1/ppl/m/n/10.95 (-20) D4| 
 []


Overfull \hbox (4.07082pt too wide) in paragraph at lines 74--74
[]|\T1/ppl/m/n/10.95 (-20) D5| 
 []


Overfull \hbox (2.32167pt too wide) in paragraph at lines 74--74
[]|\T1/ppl/m/n/10.95 (-20) E1| 
 []


Overfull \hbox (2.32167pt too wide) in paragraph at lines 74--74
[]|\T1/ppl/m/n/10.95 (-20) E2| 
 []


Overfull \hbox (2.32167pt too wide) in paragraph at lines 74--74
[]|\T1/ppl/m/n/10.95 (-20) E3| 
 []


Overfull \hbox (2.32167pt too wide) in paragraph at lines 74--74
[]|\T1/ppl/m/n/10.95 (-20) E4| 
 []


Overfull \hbox (2.32167pt too wide) in paragraph at lines 74--75
[]|\T1/ppl/m/n/10.95 (-20) E5| 
 []

[33] [34] [35]
Overfull \hbox (1.05746pt too wide) in paragraph at lines 191--191
[]|\T1/ppl/m/n/10.95 (-20) 23.566| 
 []


Overfull \hbox (1.05746pt too wide) in paragraph at lines 192--192
[]|\T1/ppl/m/n/10.95 (-20) 38.178| 
 []


Overfull \hbox (1.05746pt too wide) in paragraph at lines 193--193
[]|\T1/ppl/m/n/10.95 (-20) 37.123| 
 []


Overfull \hbox (1.05746pt too wide) in paragraph at lines 194--194
[]|\T1/ppl/m/n/10.95 (-20) 45.475| 
 []


Overfull \hbox (1.05746pt too wide) in paragraph at lines 195--195
[]|\T1/ppl/m/n/10.95 (-20) 60.082| 
 []

[36] [37]
Overfull \hbox (2.16266pt too wide) in paragraph at lines 325--325
[]|\T1/ppl/m/n/10.95 (-20) Conscientiousness| 
 []


Overfull \hbox (1.05746pt too wide) in paragraph at lines 325--325
[]|\T1/ppl/m/n/10.95 (-20) 6.4536| 
 []


Overfull \hbox (1.05746pt too wide) in paragraph at lines 326--326
[]|\T1/ppl/m/n/10.95 (-20) 15.122| 
 []


Overfull \hbox (1.05746pt too wide) in paragraph at lines 327--327
[]|\T1/ppl/m/n/10.95 (-20) 25.838| 
 []

[38] [39]
Overfull \hbox (7.53166pt too wide) in alignment at lines 338--351
 [] [] [] [] [] [] [] 
 []


Overfull \hbox (7.53166pt too wide) in alignment at lines 351--363
 [] [] [] [] [] [] [] 
 []


Overfull \hbox (7.53166pt too wide) in alignment at lines 363--365
 [] [] [] [] [] [] [] 
 []


Overfull \hbox (7.53166pt too wide) in alignment at lines 365--367
 [] [] [] [] [] [] [] 
 []


Overfull \hbox (1.65736pt too wide) in paragraph at lines 369--369
[]|\T1/ppl/m/n/10.95 (-20) Contemporary| 
 []


Overfull \hbox (1.65736pt too wide) in paragraph at lines 371--371
[]|\T1/ppl/m/n/10.95 (-20) Contemporary| 
 []


Overfull \hbox (1.65736pt too wide) in paragraph at lines 375--375
[]|\T1/ppl/m/n/10.95 (-20) Contemporary| 
 []


Overfull \hbox (1.65736pt too wide) in paragraph at lines 376--376
[]|\T1/ppl/m/n/10.95 (-20) Contemporary| 
 []


Overfull \hbox (1.65736pt too wide) in paragraph at lines 380--380
[]|\T1/ppl/m/n/10.95 (-20) Contemporary| 
 []


Overfull \hbox (1.65736pt too wide) in paragraph at lines 381--381
[]|\T1/ppl/m/n/10.95 (-20) Contemporary| 
 []


Overfull \hbox (0.5854pt too wide) in paragraph at lines 384--385
[]|[]| 
 []


Overfull \hbox (1.65736pt too wide) in paragraph at lines 385--385
[]|\T1/ppl/m/n/10.95 (-20) Contemporary| 
 []


Overfull \hbox (1.65736pt too wide) in paragraph at lines 386--386
[]|\T1/ppl/m/n/10.95 (-20) Contemporary| 
 []


Overfull \hbox (0.5854pt too wide) in paragraph at lines 389--390
[]|[]| 
 []


Overfull \hbox (1.65736pt too wide) in paragraph at lines 390--390
[]|\T1/ppl/m/n/10.95 (-20) Contemporary| 
 []


Overfull \hbox (1.65736pt too wide) in paragraph at lines 392--392
[]|\T1/ppl/m/n/10.95 (-20) Contemporary| 
 []


Overfull \hbox (7.53166pt too wide) in alignment at lines 367--394
 [] [] [] [] [] [] [] 
 []


Overfull \hbox (6.90009pt too wide) in paragraph at lines 424--424
[]|\T1/ppl/m/n/10.95 (-20) Sophisticated| 
 []


Overfull \hbox (1.05746pt too wide) in paragraph at lines 424--424
[]|\T1/ppl/m/n/10.95 (-20) 66.573| 
 []


Overfull \hbox (13.0383pt too wide) in paragraph at lines 425--425
[]|\T1/ppl/m/n/10.95 (-20) Contemporary| 
 []


Overfull \hbox (1.05746pt too wide) in paragraph at lines 425--425
[]|\T1/ppl/m/n/10.95 (-20) 44.395| 
 []


Overfull \hbox (11.70346pt too wide) in paragraph at lines 426--426
[]|\T1/ppl/m/n/10.95 (-20) Unpretentious| 
 []


Overfull \hbox (1.05746pt too wide) in paragraph at lines 426--426
[]|\T1/ppl/m/n/10.95 (-20) 57.433| 
 []

[40]
Overfull \hbox (18.5246pt too wide) in alignment at lines 434--447
 [] [] [] [] [] [] [] 
 []


Overfull \hbox (18.5246pt too wide) in alignment at lines 447--459
 [] [] [] [] [] [] [] 
 []


Overfull \hbox (18.5246pt too wide) in alignment at lines 459--461
 [] [] [] [] [] [] [] 
 []


Overfull \hbox (18.5246pt too wide) in alignment at lines 461--463
 [] [] [] [] [] [] [] 
 []


Overfull \hbox (1.26877pt too wide) in paragraph at lines 476--477
[]|[]| 
 []


Overfull \hbox (1.24698pt too wide) in paragraph at lines 483--484
[]|[]| 
 []


Overfull \hbox (18.5246pt too wide) in alignment at lines 463--491
 [] [] [] [] [] [] [] 
 []


Overfull \hbox (18.5246pt too wide) in alignment at lines 491--492
 [] [] [] [] [] [] [] 
 []

[41]
Overfull \hbox (1.05746pt too wide) in paragraph at lines 527--527
[]|\T1/ppl/m/n/10.95 (-20) 19.767| 
 []


Overfull \hbox (2.16266pt too wide) in paragraph at lines 528--528
[]|\T1/ppl/m/n/10.95 (-20) Conscientiousness| 
 []


Overfull \hbox (1.05746pt too wide) in paragraph at lines 528--528
[]|\T1/ppl/m/n/10.95 (-20) 43.236| 
 []


Overfull \hbox (1.05746pt too wide) in paragraph at lines 529--529
[]|\T1/ppl/m/n/10.95 (-20) 28.212| 
 []


Overfull \hbox (1.05746pt too wide) in paragraph at lines 530--530
[]|\T1/ppl/m/n/10.95 (-20) 11.169| 
 []

[42] [43]
Overfull \hbox (1.05746pt too wide) in paragraph at lines 637--637
[]|\T1/ppl/m/n/10.95 (-20) 24.008| 
 []


Overfull \hbox (1.05746pt too wide) in paragraph at lines 638--638
[]|\T1/ppl/m/n/10.95 (-20) 24.525| 
 []


Overfull \hbox (1.05746pt too wide) in paragraph at lines 639--639
[]|\T1/ppl/m/n/10.95 (-20) 35.165| 
 []


Overfull \hbox (1.05746pt too wide) in paragraph at lines 640--640
[]|\T1/ppl/m/n/10.95 (-20) 46.603| 
 []

[44] [45]
Overfull \hbox (1.05746pt too wide) in paragraph at lines 755--755
[]|\T1/ppl/m/n/10.95 (-20) 28.841| 
 []


Overfull \hbox (1.05746pt too wide) in paragraph at lines 756--756
[]|\T1/ppl/m/n/10.95 (-20) 52.895| 
 []


Overfull \hbox (10.69858pt too wide) in paragraph at lines 757--757
[]|\T1/ppl/m/n/10.95 (-20) Conscientiousness| 
 []


Overfull \hbox (1.05746pt too wide) in paragraph at lines 757--757
[]|\T1/ppl/m/n/10.95 (-20) 32.891| 
 []


Overfull \hbox (1.05746pt too wide) in paragraph at lines 758--758
[]|\T1/ppl/m/n/10.95 (-20) 30.466| 
 []


Overfull \hbox (1.05746pt too wide) in paragraph at lines 759--759
[]|\T1/ppl/m/n/10.95 (-20) 37.725| 
 []

[46] [47] [48]
Overfull \hbox (15.67958pt too wide) in alignment at lines 882--895
 [] [] [] [] [] [] [] 
 []


Overfull \hbox (15.67958pt too wide) in alignment at lines 895--907
 [] [] [] [] [] [] [] 
 []


Overfull \hbox (15.67958pt too wide) in alignment at lines 907--909
 [] [] [] [] [] [] [] 
 []


Overfull \hbox (15.67958pt too wide) in alignment at lines 909--911
 [] [] [] [] [] [] [] 
 []


Overfull \hbox (15.67958pt too wide) in alignment at lines 911--943
 [] [] [] [] [] [] [] 
 []


Overfull \hbox (15.67958pt too wide) in alignment at lines 943--952
 [] [] [] [] [] [] [] 
 []

[49]) (./sections/discussions.tex [50] [51


] [52] [53] [54] [55] [56] [57])
(./sections/conclusion.tex [58] [59] [60


] [61] [62] [63])
(./sections/appendices.tex [64]
Overfull \hbox (53.5702pt too wide) in paragraph at lines 6--35
 [] 
 []


Overfull \hbox (42.69435pt too wide) in paragraph at lines 58--109
 [] 
 []

[65


]
Overfull \vbox (51.05411pt too high) has occurred while \output is active []


[66]
<./images/Study1(M-L).pdf, id=884, 794.97pt x 939.51pt>
File: ./images/Study1(M-L).pdf Graphic file (type pdf)
<use ./images/Study1(M-L).pdf>
Package pdftex.def Info: ./images/Study1(M-L).pdf  used on input line 117.
(pdftex.def)             Requested size: 357.7332pt x 422.77559pt.

Overfull \hbox (42.69435pt too wide) in paragraph at lines 126--177
 [] 
 []

[67 <./images/Study1(M-L).pdf>]
Overfull \vbox (51.05411pt too high) has occurred while \output is active []


[68]
<./images/Study2(M-L).pdf, id=900, 1084.05pt x 939.51pt>
File: ./images/Study2(M-L).pdf Graphic file (type pdf)
<use ./images/Study2(M-L).pdf>
Package pdftex.def Info: ./images/Study2(M-L).pdf  used on input line 185.
(pdftex.def)             Requested size: 487.818pt x 422.77559pt.

Overfull \hbox (103.7058pt too wide) in paragraph at lines 185--187
 [][] 
 []


Overfull \hbox (6.90009pt too wide) in paragraph at lines 206--206
[]|\T1/ppl/m/n/10.95 (-20) Sophisticated| 
 []


Overfull \hbox (13.0383pt too wide) in paragraph at lines 207--207
[]|\T1/ppl/m/n/10.95 (-20) Contemporary| 
 []


Overfull \hbox (11.70346pt too wide) in paragraph at lines 208--208
[]|\T1/ppl/m/n/10.95 (-20) Unpretentious| 
 []


Overfull \hbox (6.90009pt too wide) in paragraph at lines 212--212
[]|\T1/ppl/m/n/10.95 (-20) Sophisticated| 
 []


Overfull \hbox (13.0383pt too wide) in paragraph at lines 213--213
[]|\T1/ppl/m/n/10.95 (-20) Contemporary| 
 []


Overfull \hbox (11.70346pt too wide) in paragraph at lines 214--214
[]|\T1/ppl/m/n/10.95 (-20) Unpretentious| 
 []


Overfull \hbox (6.90009pt too wide) in paragraph at lines 218--218
[]|\T1/ppl/m/n/10.95 (-20) Sophisticated| 
 []


Overfull \hbox (13.0383pt too wide) in paragraph at lines 219--219
[]|\T1/ppl/m/n/10.95 (-20) Contemporary| 
 []


Overfull \hbox (11.70346pt too wide) in paragraph at lines 220--220
[]|\T1/ppl/m/n/10.95 (-20) Unpretentious| 
 []


Overfull \hbox (6.90009pt too wide) in paragraph at lines 224--224
[]|\T1/ppl/m/n/10.95 (-20) Sophisticated| 
 []


Overfull \hbox (13.0383pt too wide) in paragraph at lines 225--225
[]|\T1/ppl/m/n/10.95 (-20) Contemporary| 
 []


Overfull \hbox (11.70346pt too wide) in paragraph at lines 226--226
[]|\T1/ppl/m/n/10.95 (-20) Unpretentious| 
 []


Overfull \hbox (6.90009pt too wide) in paragraph at lines 230--230
[]|\T1/ppl/m/n/10.95 (-20) Sophisticated| 
 []


Overfull \hbox (13.0383pt too wide) in paragraph at lines 231--231
[]|\T1/ppl/m/n/10.95 (-20) Contemporary| 
 []


Overfull \hbox (11.70346pt too wide) in paragraph at lines 232--232
[]|\T1/ppl/m/n/10.95 (-20) Unpretentious| 
 []


Overfull \hbox (64.57341pt too wide) in paragraph at lines 194--235
 [] 
 []

[69 <./images/Study2(M-L).pdf>]
<./images/Study1(M-S).pdf, id=911, 867.24pt x 867.24pt>
File: ./images/Study1(M-S).pdf Graphic file (type pdf)
<use ./images/Study1(M-S).pdf>
Package pdftex.def Info: ./images/Study1(M-S).pdf  used on input line 242.
(pdftex.def)             Requested size: 390.2544pt x 390.2544pt.

Overfull \hbox (6.1422pt too wide) in paragraph at lines 242--244
 [][] 
 []


Overfull \hbox (1.26877pt too wide) in paragraph at lines 269--270
[]|[]| 
 []


Overfull \hbox (1.24698pt too wide) in paragraph at lines 277--278
[]|[]| 
 []


Overfull \hbox (56.92073pt too wide) in paragraph at lines 250--285
 [] 
 []

[70] [71 <./images/Study1(M-S).pdf>]
<./images/Study2(M-S).pdf, id=928, 1084.05pt x 542.025pt>
File: ./images/Study2(M-S).pdf Graphic file (type pdf)
<use ./images/Study2(M-S).pdf>
Package pdftex.def Info: ./images/Study2(M-S).pdf  used on input line 292.
(pdftex.def)             Requested size: 433.61232pt x 216.80615pt.

Overfull \hbox (49.50012pt too wide) in paragraph at lines 292--294
 [][] 
 []


Overfull \hbox (42.69435pt too wide) in paragraph at lines 300--351
 [] 
 []

[72] [73 <./images/Study2(M-S).pdf>]
Overfull \vbox (51.05411pt too high) has occurred while \output is active []


[74]
<./images/Study1(M-M).pdf, id=950, 722.7pt x 939.51pt>
File: ./images/Study1(M-M).pdf Graphic file (type pdf)
<use ./images/Study1(M-M).pdf>
Package pdftex.def Info: ./images/Study1(M-M).pdf  used on input line 358.
(pdftex.def)             Requested size: 325.21199pt x 422.77559pt.

Overfull \hbox (42.69435pt too wide) in paragraph at lines 366--417
 [] 
 []

[75 <./images/Study1(M-M).pdf>]
Overfull \vbox (51.05411pt too high) has occurred while \output is active []


[76]
<./images/Study2(M-M).pdf, id=966, 1084.05pt x 939.51pt>
File: ./images/Study2(M-M).pdf Graphic file (type pdf)
<use ./images/Study2(M-M).pdf>
Package pdftex.def Info: ./images/Study2(M-M).pdf  used on input line 424.
(pdftex.def)             Requested size: 487.818pt x 422.77559pt.

Overfull \hbox (103.7058pt too wide) in paragraph at lines 424--426
 [][] 
 []


Overfull \hbox (49.96616pt too wide) in paragraph at lines 432--483
 [] 
 []

[77 <./images/Study2(M-M).pdf>]
Overfull \vbox (51.05411pt too high) has occurred while \output is active []


[78]
<./images/Study1(M-T).pdf, id=983, 794.97pt x 939.51pt>
File: ./images/Study1(M-T).pdf Graphic file (type pdf)
<use ./images/Study1(M-T).pdf>
Package pdftex.def Info: ./images/Study1(M-T).pdf  used on input line 490.
(pdftex.def)             Requested size: 357.7332pt x 422.77559pt.

Overfull \hbox (42.69435pt too wide) in paragraph at lines 498--549
 [] 
 []

[79 <./images/Study1(M-T).pdf>]
Overfull \vbox (51.05411pt too high) has occurred while \output is active []


[80]
<./images/Study2(M-T).pdf, id=999, 1084.05pt x 794.97pt>
File: ./images/Study2(M-T).pdf Graphic file (type pdf)
<use ./images/Study2(M-T).pdf>
Package pdftex.def Info: ./images/Study2(M-T).pdf  used on input line 556.
(pdftex.def)             Requested size: 379.42319pt x 278.24367pt.
 [81 <./images/Study2(M-T).pdf>]) [82


] (./thesis.bbl [83


] [84] [85])
[86]
Package atveryend Info: Empty hook `BeforeClearDocument' on input line 116.
Package atveryend Info: Empty hook `AfterLastShipout' on input line 116.
 (./thesis.aux)
Package atveryend Info: Executing hook `AtVeryEndDocument' on input line 116.
Package atveryend Info: Executing hook `AtEndAfterFileList' on input line 116.
Package rerunfilecheck Info: File `thesis.out' has not changed.
(rerunfilecheck)             Checksum: 3919E974F4914DF8F8DBB7E2CBDD4378;4601.


LaTeX Warning: There were multiply-defined labels.

Package atveryend Info: Empty hook `AtVeryVeryEnd' on input line 116.
 ) 
Here is how much of TeX's memory you used:
 26050 strings out of 492649
 490316 string characters out of 6129622
 660227 words of memory out of 5000000
 28929 multiletter control sequences out of 15000+600000
 51392 words of font info for 192 fonts, out of 8000000 for 9000
 1141 hyphenation exceptions out of 8191
 55i,12n,67p,2160b,748s stack positions out of 5000i,500n,10000p,200000b,80000s
{/usr/local/texlive/2018/texmf-dist/fonts/enc/dvips/base/8r.enc}</usr/local/t
exlive/2018/texmf-dist/fonts/type1/public/amsfonts/cm/cmmi10.pfb></usr/local/te
xlive/2018/texmf-dist/fonts/type1/public/amsfonts/cm/cmr8.pfb></usr/local/texli
ve/2018/texmf-dist/fonts/type1/public/amsfonts/cm/cmsy10.pfb></usr/local/texliv
e/2018/texmf-dist/fonts/type1/urw/helvetic/uhvb8a.pfb></usr/local/texlive/2018/
texmf-dist/fonts/type1/urw/helvetic/uhvr8a.pfb></usr/local/texlive/2018/texmf-d
ist/fonts/type1/urw/palatino/uplb8a.pfb></usr/local/texlive/2018/texmf-dist/fon
ts/type1/urw/palatino/uplr8a.pfb></usr/local/texlive/2018/texmf-dist/fonts/type
1/urw/palatino/uplri8a.pfb></usr/local/texlive/2018/texmf-dist/fonts/type1/urw/
times/utmr8a.pfb>
Output written on thesis.pdf (94 pages, 444064 bytes).
PDF statistics:
 1156 PDF objects out of 1200 (max. 8388607)
 1014 compressed objects within 11 object streams
 255 named destinations out of 1000 (max. 500000)
 21566 words of extra memory for PDF output out of 24883 (max. 10000000)

